Discrepancy Report Results

Summary
FATAL: MISSING_PROTEIN_ID:69 proteins have invalid IDs.
DISC_SOURCE_QUALS_ASNDISC:strain (all present, all same)
DISC_SOURCE_QUALS_ASNDISC:taxname (all present, all same)
DISC_FEATURE_COUNT:CDS: 69 present
DISC_COUNT_NUCLEOTIDES:3 nucleotide Bioseqs are present
FEATURE_LOCATION_CONFLICT:69 features have inconsistent gene locations.
OVERLAPPING_CDS:2 coding regions overlap another coding region with a similar or identical name.
DISC_QUALITY_SCORES:Quality scores are missing on all sequences.
ONCALLER_COMMENT_PRESENT:3 comment descriptors were found (all same)
SHORT_PROT_SEQUENCES:2 protein sequences are shorter than 50 aa.
MISSING_GENOMEASSEMBLY_COMMENTS:3 bioseqs are missing GenomeAssembly structured comments
MOLTYPE_NOT_MRNA:3 molecule types are not set as mRNA.
TECHNIQUE_NOT_TSA:3 technique are not set as TSA
MISSING_STRUCTURED_COMMENT:3 sequences do not include structured comments.
MISSING_PROJECT:72 sequences do not include project.
DISC_INCONSISTENT_MOLINFO_TECH:Molinfo Technique Report (some missing, all same)


Detailed Report

FATAL: DiscRep_ALL:MISSING_PROTEIN_ID::69 proteins have invalid IDs.
results/prokka_plasmid/9246/9246:32_1 (length 304)
results/prokka_plasmid/9246/9246:32_2 (length 275)
results/prokka_plasmid/9246/9246:32_3 (length 285)
results/prokka_plasmid/9246/9246:32_4 (length 285)
results/prokka_plasmid/9246/9246:32_5 (length 144)
results/prokka_plasmid/9246/9246:32_6 (length 71)
results/prokka_plasmid/9246/9246:32_7 (length 126)
results/prokka_plasmid/9246/9246:32_8 (length 397)
results/prokka_plasmid/9246/9246:32_9 (length 574)
results/prokka_plasmid/9246/9246:32_10 (length 315)
results/prokka_plasmid/9246/9246:32_11 (length 580)
results/prokka_plasmid/9246/9246:32_12 (length 425)
results/prokka_plasmid/9246/9246:32_13 (length 733)
results/prokka_plasmid/9246/9246:32_14 (length 91)
results/prokka_plasmid/9246/9246:32_15 (length 125)
results/prokka_plasmid/9246/9246:32_16 (length 340)
results/prokka_plasmid/9246/9246:32_17 (length 521)
results/prokka_plasmid/9246/9246:32_18 (length 138)
results/prokka_plasmid/9246/9246:32_19 (length 76)
results/prokka_plasmid/9246/9246:32_20 (length 1274)
results/prokka_plasmid/9246/9246:32_21 (length 138)
results/prokka_plasmid/9246/9246:32_22 (length 76)
results/prokka_plasmid/9246/9246:32_23 (length 166)
results/prokka_plasmid/9246/9246:32_24 (length 257)
results/prokka_plasmid/9246/9246:32_25 (length 377)
results/prokka_plasmid/9246/9246:32_26 (length 170)
results/prokka_plasmid/9246/9246:32_27 (length 72)
results/prokka_plasmid/9246/9246:32_28 (length 101)
results/prokka_plasmid/9246/9246:32_29 (length 268)
results/prokka_plasmid/9246/9246:32_30 (length 251)
results/prokka_plasmid/9246/9246:32_31 (length 388)
results/prokka_plasmid/9246/9246:32_32 (length 323)
results/prokka_plasmid/9246/9246:32_33 (length 308)
results/prokka_plasmid/9246/9246:32_34 (length 152)
results/prokka_plasmid/9246/9246:32_35 (length 580)
results/prokka_plasmid/9246/9246:32_36 (length 110)
results/prokka_plasmid/9246/9246:32_37 (length 217)
results/prokka_plasmid/9246/9246:32_38 (length 85)
results/prokka_plasmid/9246/9246:32_39 (length 110)
results/prokka_plasmid/9246/9246:46_1 (length 83)
results/prokka_plasmid/9246/9246:46_2 (length 118)
results/prokka_plasmid/9246/9246:46_3 (length 41)
results/prokka_plasmid/9246/9246:46_4 (length 325)
results/prokka_plasmid/9246/9246:46_5 (length 39)
results/prokka_plasmid/9246/9246:46_6 (length 246)
results/prokka_plasmid/9246/9246:46_7 (length 85)
results/prokka_plasmid/9246/9246:46_8 (length 60)
results/prokka_plasmid/9246/9246:46_9 (length 389)
results/prokka_plasmid/9246/9246:46_10 (length 97)
results/prokka_plasmid/9246/9246:46_11 (length 91)
results/prokka_plasmid/9246/9246:46_12 (length 92)
results/prokka_plasmid/9246/9246:46_13 (length 250)
results/prokka_plasmid/9246/9246:46_14 (length 307)
results/prokka_plasmid/9246/9246:46_15 (length 126)
results/prokka_plasmid/9246/9246:46_16 (length 296)
results/prokka_plasmid/9246/9246:46_17 (length 75)
results/prokka_plasmid/9246/9246:46_18 (length 288)
results/prokka_plasmid/9246/9246:46_19 (length 295)
results/prokka_plasmid/9246/9246:46_20 (length 274)
results/prokka_plasmid/9246/9246:46_21 (length 357)
results/prokka_plasmid/9246/9246:46_22 (length 436)
results/prokka_plasmid/9246/9246:46_23 (length 97)
results/prokka_plasmid/9246/9246:46_24 (length 57)
results/prokka_plasmid/9246/9246:46_25 (length 148)
results/prokka_plasmid/9246/9246:46_26 (length 152)
results/prokka_plasmid/9246/9246:46_27 (length 286)
results/prokka_plasmid/9246/9246:64_1 (length 600)
results/prokka_plasmid/9246/9246:64_2 (length 235)
results/prokka_plasmid/9246/9246:64_3 (length 84)

DiscRep_ALL:DISC_SOURCE_QUALS_ASNDISC::strain (all present, all same)
DiscRep_SUB:DISC_SOURCE_QUALS_ASNDISC::3 sources have 'strain' for strain
DiscRep_ALL:DISC_SOURCE_QUALS_ASNDISC::taxname (all present, all same)
DiscRep_SUB:DISC_SOURCE_QUALS_ASNDISC::3 sources have 'Genus species' for taxname
DiscRep_ALL:DISC_FEATURE_COUNT::CDS: 69 present
DiscRep_ALL:DISC_COUNT_NUCLEOTIDES::3 nucleotide Bioseqs are present
results/prokka_plasmid/9246/9246:32 (length 42028)
results/prokka_plasmid/9246/9246:46 (length 19850)
results/prokka_plasmid/9246/9246:64 (length 4067)

DiscRep_ALL:FEATURE_LOCATION_CONFLICT::69 features have inconsistent gene locations.
DiscRep_SUB:FEATURE_LOCATION_CONFLICT::Coding region xref gene does not exist
results/prokka_plasmid/9246/9246:CDS	putative periplasmic iron-binding protein	32:301-1215	GKGINBJK_00001

DiscRep_SUB:FEATURE_LOCATION_CONFLICT::Coding region xref gene does not exist
results/prokka_plasmid/9246/9246:CDS	Manganese transport system ATP-binding protein MntB	32:1215-2042	GKGINBJK_00002

DiscRep_SUB:FEATURE_LOCATION_CONFLICT::Coding region xref gene does not exist
results/prokka_plasmid/9246/9246:CDS	Manganese transport system membrane protein MntB	32:2039-2896	GKGINBJK_00003

DiscRep_SUB:FEATURE_LOCATION_CONFLICT::Coding region xref gene does not exist
results/prokka_plasmid/9246/9246:CDS	Manganese transport system membrane protein MntB	32:2893-3750	GKGINBJK_00004

DiscRep_SUB:FEATURE_LOCATION_CONFLICT::Coding region xref gene does not exist
results/prokka_plasmid/9246/9246:CDS	Enolase	32:4218-4652	GKGINBJK_00005

DiscRep_SUB:FEATURE_LOCATION_CONFLICT::Coding region xref gene does not exist
results/prokka_plasmid/9246/9246:CDS	hypothetical protein	32:4706-4921	GKGINBJK_00006

DiscRep_SUB:FEATURE_LOCATION_CONFLICT::Coding region xref gene does not exist
results/prokka_plasmid/9246/9246:CDS	Putative fluoride ion transporter CrcB	32:4993-5373	GKGINBJK_00007

DiscRep_SUB:FEATURE_LOCATION_CONFLICT::Coding region xref gene does not exist
results/prokka_plasmid/9246/9246:CDS	hypothetical protein	32:c6946-5753	GKGINBJK_00008

DiscRep_SUB:FEATURE_LOCATION_CONFLICT::Coding region xref gene does not exist
results/prokka_plasmid/9246/9246:CDS	N(2)-citryl-N(6)-acetyl-N(6)-hydroxylysine synthase	32:7082-8806	GKGINBJK_00009

DiscRep_SUB:FEATURE_LOCATION_CONFLICT::Coding region xref gene does not exist
results/prokka_plasmid/9246/9246:CDS	N(6)-hydroxylysine O-acetyltransferase	32:8807-9754	GKGINBJK_00010

DiscRep_SUB:FEATURE_LOCATION_CONFLICT::Coding region xref gene does not exist
results/prokka_plasmid/9246/9246:CDS	Aerobactin synthase	32:9754-11496	GKGINBJK_00011

DiscRep_SUB:FEATURE_LOCATION_CONFLICT::Coding region xref gene does not exist
results/prokka_plasmid/9246/9246:CDS	L-lysine N6-monooxygenase	32:11493-12770	GKGINBJK_00012

DiscRep_SUB:FEATURE_LOCATION_CONFLICT::Coding region xref gene does not exist
results/prokka_plasmid/9246/9246:CDS	Ferric aerobactin receptor	32:12852-15053	GKGINBJK_00013

DiscRep_SUB:FEATURE_LOCATION_CONFLICT::Coding region xref gene does not exist
results/prokka_plasmid/9246/9246:CDS	IS1 family transposase IS1D	32:15433-15708	GKGINBJK_00014

DiscRep_SUB:FEATURE_LOCATION_CONFLICT::Coding region xref gene does not exist
results/prokka_plasmid/9246/9246:CDS	IS1 family transposase IS1R	32:15753-16130	GKGINBJK_00015

DiscRep_SUB:FEATURE_LOCATION_CONFLICT::Coding region xref gene does not exist
results/prokka_plasmid/9246/9246:CDS	hypothetical protein	32:c17406-16384	GKGINBJK_00016

DiscRep_SUB:FEATURE_LOCATION_CONFLICT::Coding region xref gene does not exist
results/prokka_plasmid/9246/9246:CDS	hypothetical protein	32:c18956-17391	GKGINBJK_00017

DiscRep_SUB:FEATURE_LOCATION_CONFLICT::Coding region xref gene does not exist
results/prokka_plasmid/9246/9246:CDS	tRNA(fMet)-specific endonuclease VapC	32:c19447-19031	GKGINBJK_00018

DiscRep_SUB:FEATURE_LOCATION_CONFLICT::Coding region xref gene does not exist
results/prokka_plasmid/9246/9246:CDS	hypothetical protein	32:c19674-19444	GKGINBJK_00019

DiscRep_SUB:FEATURE_LOCATION_CONFLICT::Coding region xref gene does not exist
results/prokka_plasmid/9246/9246:CDS	hypothetical protein	32:20025-23849	GKGINBJK_00020

DiscRep_SUB:FEATURE_LOCATION_CONFLICT::Coding region xref gene does not exist
results/prokka_plasmid/9246/9246:CDS	tRNA(fMet)-specific endonuclease VapC	32:c24310-23894	GKGINBJK_00021

DiscRep_SUB:FEATURE_LOCATION_CONFLICT::Coding region xref gene does not exist
results/prokka_plasmid/9246/9246:CDS	hypothetical protein	32:c24537-24307	GKGINBJK_00022

DiscRep_SUB:FEATURE_LOCATION_CONFLICT::Coding region xref gene does not exist
results/prokka_plasmid/9246/9246:CDS	hypothetical protein	32:24802-25302	GKGINBJK_00023

DiscRep_SUB:FEATURE_LOCATION_CONFLICT::Coding region xref gene does not exist
results/prokka_plasmid/9246/9246:CDS	hypothetical protein	32:25315-26088	GKGINBJK_00024

DiscRep_SUB:FEATURE_LOCATION_CONFLICT::Coding region xref gene does not exist
results/prokka_plasmid/9246/9246:CDS	hypothetical protein	32:26255-27388	GKGINBJK_00025

DiscRep_SUB:FEATURE_LOCATION_CONFLICT::Coding region xref gene does not exist
results/prokka_plasmid/9246/9246:CDS	hypothetical protein	32:c27934-27422	GKGINBJK_00026

DiscRep_SUB:FEATURE_LOCATION_CONFLICT::Coding region xref gene does not exist
results/prokka_plasmid/9246/9246:CDS	Antitoxin CcdA	32:28501-28719	GKGINBJK_00027

DiscRep_SUB:FEATURE_LOCATION_CONFLICT::Coding region xref gene does not exist
results/prokka_plasmid/9246/9246:CDS	Toxin CcdB	32:28721-29026	GKGINBJK_00028

DiscRep_SUB:FEATURE_LOCATION_CONFLICT::Coding region xref gene does not exist
results/prokka_plasmid/9246/9246:CDS	Tyrosine recombinase XerC	32:29027-29833	GKGINBJK_00029

DiscRep_SUB:FEATURE_LOCATION_CONFLICT::Coding region xref gene does not exist
results/prokka_plasmid/9246/9246:CDS	Replication initiation protein	32:30607-31362	GKGINBJK_00030

DiscRep_SUB:FEATURE_LOCATION_CONFLICT::Coding region xref gene does not exist
results/prokka_plasmid/9246/9246:CDS	hypothetical protein	32:31950-33116	GKGINBJK_00031

DiscRep_SUB:FEATURE_LOCATION_CONFLICT::Coding region xref gene does not exist
results/prokka_plasmid/9246/9246:CDS	Protein SopB	32:33116-34087	GKGINBJK_00032

DiscRep_SUB:FEATURE_LOCATION_CONFLICT::Coding region xref gene does not exist
results/prokka_plasmid/9246/9246:CDS	hypothetical protein	32:34930-35856	GKGINBJK_00033

DiscRep_SUB:FEATURE_LOCATION_CONFLICT::Coding region xref gene does not exist
results/prokka_plasmid/9246/9246:CDS	hypothetical protein	32:36241-36699	GKGINBJK_00034

DiscRep_SUB:FEATURE_LOCATION_CONFLICT::Coding region xref gene does not exist
results/prokka_plasmid/9246/9246:CDS	hypothetical protein	32:36773-38515	GKGINBJK_00035

DiscRep_SUB:FEATURE_LOCATION_CONFLICT::Coding region xref gene does not exist
results/prokka_plasmid/9246/9246:CDS	Fertility inhibition protein	32:38609-38941	GKGINBJK_00036

DiscRep_SUB:FEATURE_LOCATION_CONFLICT::Coding region xref gene does not exist
results/prokka_plasmid/9246/9246:CDS	hypothetical protein	32:40498-41151	GKGINBJK_00037

DiscRep_SUB:FEATURE_LOCATION_CONFLICT::Coding region xref gene does not exist
results/prokka_plasmid/9246/9246:CDS	Antitoxin PemI	32:41244-41501	GKGINBJK_00038

DiscRep_SUB:FEATURE_LOCATION_CONFLICT::Coding region xref gene does not exist
results/prokka_plasmid/9246/9246:CDS	Endoribonuclease PemK	32:41503-41835	GKGINBJK_00039

DiscRep_SUB:FEATURE_LOCATION_CONFLICT::Coding region xref gene does not exist
results/prokka_plasmid/9246/9246:CDS	Protein UmuC	46:c416-165	GKGINBJK_00040

DiscRep_SUB:FEATURE_LOCATION_CONFLICT::Coding region xref gene does not exist
results/prokka_plasmid/9246/9246:CDS	hypothetical protein	46:c1168-812	GKGINBJK_00041

DiscRep_SUB:FEATURE_LOCATION_CONFLICT::Coding region xref gene does not exist
results/prokka_plasmid/9246/9246:CDS	hypothetical protein	46:1209-1334	GKGINBJK_00042

DiscRep_SUB:FEATURE_LOCATION_CONFLICT::Coding region xref gene does not exist
results/prokka_plasmid/9246/9246:CDS	RepFIB replication protein A	46:1912-2889	GKGINBJK_00043

DiscRep_SUB:FEATURE_LOCATION_CONFLICT::Coding region xref gene does not exist
results/prokka_plasmid/9246/9246:CDS	hypothetical protein	46:c3084-2965	GKGINBJK_00044

DiscRep_SUB:FEATURE_LOCATION_CONFLICT::Coding region xref gene does not exist
results/prokka_plasmid/9246/9246:CDS	Tyrosine recombinase XerC	46:c3914-3174	GKGINBJK_00045

DiscRep_SUB:FEATURE_LOCATION_CONFLICT::Coding region xref gene does not exist
results/prokka_plasmid/9246/9246:CDS	hypothetical protein	46:4433-4690	GKGINBJK_00046

DiscRep_SUB:FEATURE_LOCATION_CONFLICT::Coding region xref gene does not exist
results/prokka_plasmid/9246/9246:CDS	hypothetical protein	46:c4828-4646	GKGINBJK_00047

DiscRep_SUB:FEATURE_LOCATION_CONFLICT::Coding region xref gene does not exist
results/prokka_plasmid/9246/9246:CDS	hypothetical protein	46:5360-6529	GKGINBJK_00048

DiscRep_SUB:FEATURE_LOCATION_CONFLICT::Coding region xref gene does not exist
results/prokka_plasmid/9246/9246:CDS	hypothetical protein	46:c7018-6725	GKGINBJK_00049

DiscRep_SUB:FEATURE_LOCATION_CONFLICT::Coding region xref gene does not exist
results/prokka_plasmid/9246/9246:CDS	hypothetical protein	46:c7399-7124	GKGINBJK_00050

DiscRep_SUB:FEATURE_LOCATION_CONFLICT::Coding region xref gene does not exist
results/prokka_plasmid/9246/9246:CDS	hypothetical protein	46:c7677-7399	GKGINBJK_00051

DiscRep_SUB:FEATURE_LOCATION_CONFLICT::Coding region xref gene does not exist
results/prokka_plasmid/9246/9246:CDS	putative HTH-type transcriptional regulator RhmR	46:8288-9040	GKGINBJK_00052

DiscRep_SUB:FEATURE_LOCATION_CONFLICT::Coding region xref gene does not exist
results/prokka_plasmid/9246/9246:CDS	2-keto-3-deoxygluconate permease	46:c10009-9086	GKGINBJK_00053

DiscRep_SUB:FEATURE_LOCATION_CONFLICT::Coding region xref gene does not exist
results/prokka_plasmid/9246/9246:CDS	2-iminobutanoate/2-iminopropanoate deaminase	46:c10464-10084	GKGINBJK_00054

DiscRep_SUB:FEATURE_LOCATION_CONFLICT::Coding region xref gene does not exist
results/prokka_plasmid/9246/9246:CDS	putative 2-dehydro-3-deoxy-D-pentonate aldolase YjhH	46:c11379-10489	GKGINBJK_00055

DiscRep_SUB:FEATURE_LOCATION_CONFLICT::Coding region xref gene does not exist
results/prokka_plasmid/9246/9246:CDS	Aldehyde reductase Ahr	46:11993-12220	GKGINBJK_00056

DiscRep_SUB:FEATURE_LOCATION_CONFLICT::Coding region xref gene does not exist
results/prokka_plasmid/9246/9246:CDS	sn-glycerol-3-phosphate transport system permease protein UgpA	46:12363-13229	GKGINBJK_00057

DiscRep_SUB:FEATURE_LOCATION_CONFLICT::Coding region xref gene does not exist
results/prokka_plasmid/9246/9246:CDS	Diacetylchitobiose uptake system permease protein NgcG	46:13219-14106	GKGINBJK_00058

DiscRep_SUB:FEATURE_LOCATION_CONFLICT::Coding region xref gene does not exist
results/prokka_plasmid/9246/9246:CDS	3',5'-cyclic adenosine monophosphate phosphodiesterase CpdA	46:14117-14941	GKGINBJK_00059

DiscRep_SUB:FEATURE_LOCATION_CONFLICT::Coding region xref gene does not exist
results/prokka_plasmid/9246/9246:CDS	sn-glycerol-3-phosphate import ATP-binding protein UgpC	46:14947-16020	GKGINBJK_00060

DiscRep_SUB:FEATURE_LOCATION_CONFLICT::Coding region xref gene does not exist
results/prokka_plasmid/9246/9246:CDS	sn-glycerol-3-phosphate-binding periplasmic protein UgpB	46:16013-17323	GKGINBJK_00061

DiscRep_SUB:FEATURE_LOCATION_CONFLICT::Coding region xref gene does not exist
results/prokka_plasmid/9246/9246:CDS	IS4 family transposase ISEc13	46:c17675-17382	GKGINBJK_00062

DiscRep_SUB:FEATURE_LOCATION_CONFLICT::Coding region xref gene does not exist
results/prokka_plasmid/9246/9246:CDS	hypothetical protein	46:c17940-17767	GKGINBJK_00063

DiscRep_SUB:FEATURE_LOCATION_CONFLICT::Coding region xref gene does not exist
results/prokka_plasmid/9246/9246:CDS	IS3 family transposase IS629	46:c18468-18022	GKGINBJK_00064

DiscRep_SUB:FEATURE_LOCATION_CONFLICT::Coding region xref gene does not exist
results/prokka_plasmid/9246/9246:CDS	IS3 family transposase IS629	46:c18910-18452	GKGINBJK_00065

DiscRep_SUB:FEATURE_LOCATION_CONFLICT::Coding region xref gene does not exist
results/prokka_plasmid/9246/9246:CDS	hypothetical protein	46:c19770-18910	GKGINBJK_00066

DiscRep_SUB:FEATURE_LOCATION_CONFLICT::Coding region xref gene does not exist
results/prokka_plasmid/9246/9246:CDS	hypothetical protein	64:187-1989	GKGINBJK_00067

DiscRep_SUB:FEATURE_LOCATION_CONFLICT::Coding region xref gene does not exist
results/prokka_plasmid/9246/9246:CDS	Replication initiation protein	64:c2939-2232	GKGINBJK_00068

DiscRep_SUB:FEATURE_LOCATION_CONFLICT::Coding region xref gene does not exist
results/prokka_plasmid/9246/9246:CDS	hypothetical protein	64:c3724-3470	GKGINBJK_00069

DiscRep_ALL:OVERLAPPING_CDS::2 coding regions overlap another coding region with a similar or identical name.
DiscRep_SUB:OVERLAPPING_CDS::2 coding regions overlap another coding region with a similar or identical name that do not have the appropriate note text
results/prokka_plasmid/9246/9246:CDS	Manganese transport system membrane protein MntB	32:2039-2896	GKGINBJK_00003
results/prokka_plasmid/9246/9246:CDS	Manganese transport system membrane protein MntB	32:2893-3750	GKGINBJK_00004

DiscRep_ALL:DISC_QUALITY_SCORES::Quality scores are missing on all sequences.

DiscRep_ALL:ONCALLER_COMMENT_PRESENT::3 comment descriptors were found (all same)
results/prokka_plasmid/9246/9246:32:Annotated using prokka 1.14.6 from https://github.com/tseemann/prokka
results/prokka_plasmid/9246/9246:46:Annotated using prokka 1.14.6 from https://github.com/tseemann/prokka
results/prokka_plasmid/9246/9246:64:Annotated using prokka 1.14.6 from https://github.com/tseemann/prokka

DiscRep_ALL:SHORT_PROT_SEQUENCES::2 protein sequences are shorter than 50 aa.
results/prokka_plasmid/9246/9246:46_3 (length 41)
results/prokka_plasmid/9246/9246:46_5 (length 39)

DiscRep_ALL:MISSING_GENOMEASSEMBLY_COMMENTS::3 bioseqs are missing GenomeAssembly structured comments
results/prokka_plasmid/9246/9246:32 (length 42028)
results/prokka_plasmid/9246/9246:46 (length 19850)
results/prokka_plasmid/9246/9246:64 (length 4067)

DiscRep_ALL:MOLTYPE_NOT_MRNA::3 molecule types are not set as mRNA.
results/prokka_plasmid/9246/9246:32 (length 42028)
results/prokka_plasmid/9246/9246:46 (length 19850)
results/prokka_plasmid/9246/9246:64 (length 4067)

DiscRep_ALL:TECHNIQUE_NOT_TSA::3 technique are not set as TSA
results/prokka_plasmid/9246/9246:32 (length 42028)
results/prokka_plasmid/9246/9246:46 (length 19850)
results/prokka_plasmid/9246/9246:64 (length 4067)

DiscRep_ALL:MISSING_STRUCTURED_COMMENT::3 sequences do not include structured comments.
results/prokka_plasmid/9246/9246:32 (length 42028)
results/prokka_plasmid/9246/9246:46 (length 19850)
results/prokka_plasmid/9246/9246:64 (length 4067)

DiscRep_ALL:MISSING_PROJECT::72 sequences do not include project.
results/prokka_plasmid/9246/9246:32 (length 42028)
results/prokka_plasmid/9246/9246:32_1 (length 304)
results/prokka_plasmid/9246/9246:32_2 (length 275)
results/prokka_plasmid/9246/9246:32_3 (length 285)
results/prokka_plasmid/9246/9246:32_4 (length 285)
results/prokka_plasmid/9246/9246:32_5 (length 144)
results/prokka_plasmid/9246/9246:32_6 (length 71)
results/prokka_plasmid/9246/9246:32_7 (length 126)
results/prokka_plasmid/9246/9246:32_8 (length 397)
results/prokka_plasmid/9246/9246:32_9 (length 574)
results/prokka_plasmid/9246/9246:32_10 (length 315)
results/prokka_plasmid/9246/9246:32_11 (length 580)
results/prokka_plasmid/9246/9246:32_12 (length 425)
results/prokka_plasmid/9246/9246:32_13 (length 733)
results/prokka_plasmid/9246/9246:32_14 (length 91)
results/prokka_plasmid/9246/9246:32_15 (length 125)
results/prokka_plasmid/9246/9246:32_16 (length 340)
results/prokka_plasmid/9246/9246:32_17 (length 521)
results/prokka_plasmid/9246/9246:32_18 (length 138)
results/prokka_plasmid/9246/9246:32_19 (length 76)
results/prokka_plasmid/9246/9246:32_20 (length 1274)
results/prokka_plasmid/9246/9246:32_21 (length 138)
results/prokka_plasmid/9246/9246:32_22 (length 76)
results/prokka_plasmid/9246/9246:32_23 (length 166)
results/prokka_plasmid/9246/9246:32_24 (length 257)
results/prokka_plasmid/9246/9246:32_25 (length 377)
results/prokka_plasmid/9246/9246:32_26 (length 170)
results/prokka_plasmid/9246/9246:32_27 (length 72)
results/prokka_plasmid/9246/9246:32_28 (length 101)
results/prokka_plasmid/9246/9246:32_29 (length 268)
results/prokka_plasmid/9246/9246:32_30 (length 251)
results/prokka_plasmid/9246/9246:32_31 (length 388)
results/prokka_plasmid/9246/9246:32_32 (length 323)
results/prokka_plasmid/9246/9246:32_33 (length 308)
results/prokka_plasmid/9246/9246:32_34 (length 152)
results/prokka_plasmid/9246/9246:32_35 (length 580)
results/prokka_plasmid/9246/9246:32_36 (length 110)
results/prokka_plasmid/9246/9246:32_37 (length 217)
results/prokka_plasmid/9246/9246:32_38 (length 85)
results/prokka_plasmid/9246/9246:32_39 (length 110)
results/prokka_plasmid/9246/9246:46 (length 19850)
results/prokka_plasmid/9246/9246:46_1 (length 83)
results/prokka_plasmid/9246/9246:46_2 (length 118)
results/prokka_plasmid/9246/9246:46_3 (length 41)
results/prokka_plasmid/9246/9246:46_4 (length 325)
results/prokka_plasmid/9246/9246:46_5 (length 39)
results/prokka_plasmid/9246/9246:46_6 (length 246)
results/prokka_plasmid/9246/9246:46_7 (length 85)
results/prokka_plasmid/9246/9246:46_8 (length 60)
results/prokka_plasmid/9246/9246:46_9 (length 389)
results/prokka_plasmid/9246/9246:46_10 (length 97)
results/prokka_plasmid/9246/9246:46_11 (length 91)
results/prokka_plasmid/9246/9246:46_12 (length 92)
results/prokka_plasmid/9246/9246:46_13 (length 250)
results/prokka_plasmid/9246/9246:46_14 (length 307)
results/prokka_plasmid/9246/9246:46_15 (length 126)
results/prokka_plasmid/9246/9246:46_16 (length 296)
results/prokka_plasmid/9246/9246:46_17 (length 75)
results/prokka_plasmid/9246/9246:46_18 (length 288)
results/prokka_plasmid/9246/9246:46_19 (length 295)
results/prokka_plasmid/9246/9246:46_20 (length 274)
results/prokka_plasmid/9246/9246:46_21 (length 357)
results/prokka_plasmid/9246/9246:46_22 (length 436)
results/prokka_plasmid/9246/9246:46_23 (length 97)
results/prokka_plasmid/9246/9246:46_24 (length 57)
results/prokka_plasmid/9246/9246:46_25 (length 148)
results/prokka_plasmid/9246/9246:46_26 (length 152)
results/prokka_plasmid/9246/9246:46_27 (length 286)
results/prokka_plasmid/9246/9246:64 (length 4067)
results/prokka_plasmid/9246/9246:64_1 (length 600)
results/prokka_plasmid/9246/9246:64_2 (length 235)
results/prokka_plasmid/9246/9246:64_3 (length 84)

DiscRep_ALL:DISC_INCONSISTENT_MOLINFO_TECH::Molinfo Technique Report (some missing, all same)
DiscRep_SUB:DISC_INCONSISTENT_MOLINFO_TECH::technique (all missing)
DiscRep_SUB:DISC_INCONSISTENT_MOLINFO_TECH::3 Molinfos are missing field technique
results/prokka_plasmid/9246/9246:32 (length 42028)
results/prokka_plasmid/9246/9246:46 (length 19850)
results/prokka_plasmid/9246/9246:64 (length 4067)

