[11:06:13] This is prokka 1.14.6
[11:06:13] Written by Torsten Seemann <torsten.seemann@gmail.com>
[11:06:13] Homepage is https://github.com/tseemann/prokka
[11:06:13] Local time is Wed Nov 29 11:06:12 2023
[11:06:13] You are c59670jd
[11:06:13] Operating system is linux
[11:06:13] You have BioPerl 1.7.8
[11:06:13] System has 28 cores.
[11:06:13] Will use maximum of 8 cores.
[11:06:13] Annotating as >>> Bacteria <<<
[11:06:13] Generating locus_tag from 'data/9246.fasta' contents.
[11:06:13] Setting --locustag GKGINBJK from MD5 04027b34be5444ea4cfae909f7989393
[11:06:13] Re-using existing --outdir results/prokka_plasmid/9246
[11:06:13] Using filename prefix: 9246.XXX
[11:06:13] Setting HMMER_NCPU=1
[11:06:13] Writing log to: results/prokka_plasmid/9246/9246.log
[11:06:13] Command: /net/scratch2/c59670jd/TF_sprot/.snakemake/conda/4415c5ec042696b77aba69cb78fd342f_/bin/prokka --outdir results/prokka_plasmid/9246 --prefix 9246 data/9246.fasta --force
[11:06:13] Appending to PATH: /net/scratch2/c59670jd/TF_sprot/.snakemake/conda/4415c5ec042696b77aba69cb78fd342f_/bin
[11:06:13] Looking for 'aragorn' - found /net/scratch2/c59670jd/TF_sprot/.snakemake/conda/4415c5ec042696b77aba69cb78fd342f_/bin/aragorn
[11:06:15] Determined aragorn version is 001002 from 'ARAGORN v1.2.41 Dean Laslett'
[11:06:15] Looking for 'barrnap' - found /net/scratch2/c59670jd/TF_sprot/.snakemake/conda/4415c5ec042696b77aba69cb78fd342f_/bin/barrnap
[11:06:15] Determined barrnap version is 000009 from 'barrnap 0.9'
[11:06:15] Looking for 'blastp' - found /net/scratch2/c59670jd/TF_sprot/.snakemake/conda/4415c5ec042696b77aba69cb78fd342f_/bin/blastp
[11:06:45] Determined blastp version is 002014 from 'blastp: 2.14.0+'
[11:06:45] Looking for 'cmpress' - found /net/scratch2/c59670jd/TF_sprot/.snakemake/conda/4415c5ec042696b77aba69cb78fd342f_/bin/cmpress
[11:06:45] Determined cmpress version is 001001 from '# INFERNAL 1.1.4 (Dec 2020)'
[11:06:45] Looking for 'cmscan' - found /net/scratch2/c59670jd/TF_sprot/.snakemake/conda/4415c5ec042696b77aba69cb78fd342f_/bin/cmscan
[11:06:45] Determined cmscan version is 001001 from '# INFERNAL 1.1.4 (Dec 2020)'
[11:06:45] Looking for 'egrep' - found /bin/egrep
[11:06:45] Looking for 'find' - found /bin/find
[11:06:45] Looking for 'grep' - found /bin/grep
[11:06:45] Looking for 'hmmpress' - found /net/scratch2/c59670jd/TF_sprot/.snakemake/conda/4415c5ec042696b77aba69cb78fd342f_/bin/hmmpress
[11:06:45] Determined hmmpress version is 003003 from '# HMMER 3.3.2 (Nov 2020); http://hmmer.org/'
[11:06:45] Looking for 'hmmscan' - found /net/scratch2/c59670jd/TF_sprot/.snakemake/conda/4415c5ec042696b77aba69cb78fd342f_/bin/hmmscan
[11:06:46] Determined hmmscan version is 003003 from '# HMMER 3.3.2 (Nov 2020); http://hmmer.org/'
[11:06:46] Looking for 'java' - found /net/scratch2/c59670jd/TF_sprot/.snakemake/conda/4415c5ec042696b77aba69cb78fd342f_/bin/java
[11:06:46] Looking for 'makeblastdb' - found /net/scratch2/c59670jd/TF_sprot/.snakemake/conda/4415c5ec042696b77aba69cb78fd342f_/bin/makeblastdb
[11:06:46] Determined makeblastdb version is 002014 from 'makeblastdb: 2.14.0+'
[11:06:46] Looking for 'minced' - found /net/scratch2/c59670jd/TF_sprot/.snakemake/conda/4415c5ec042696b77aba69cb78fd342f_/bin/minced
[11:06:49] Determined minced version is 004002 from 'minced 0.4.2'
[11:06:49] Looking for 'parallel' - found /net/scratch2/c59670jd/TF_sprot/.snakemake/conda/4415c5ec042696b77aba69cb78fd342f_/bin/parallel
[11:06:49] Determined parallel version is 20230722 from 'GNU parallel 20230722'
[11:06:49] Looking for 'prodigal' - found /net/scratch2/c59670jd/TF_sprot/.snakemake/conda/4415c5ec042696b77aba69cb78fd342f_/bin/prodigal
[11:06:50] Determined prodigal version is 002006 from 'Prodigal V2.6.3: February, 2016'
[11:06:50] Looking for 'prokka-genbank_to_fasta_db' - found /net/scratch2/c59670jd/TF_sprot/.snakemake/conda/4415c5ec042696b77aba69cb78fd342f_/bin/prokka-genbank_to_fasta_db
[11:06:50] Looking for 'sed' - found /bin/sed
[11:06:50] Looking for 'tbl2asn' - found /net/scratch2/c59670jd/TF_sprot/.snakemake/conda/4415c5ec042696b77aba69cb78fd342f_/bin/tbl2asn
[11:06:51] Determined tbl2asn version is 025007 from 'tbl2asn 25.7   arguments:'
[11:06:51] Using genetic code table 11.
[11:06:51] Loading and checking input file: data/9246.fasta
[11:06:51] Wrote 3 contigs totalling 65945 bp.
[11:06:51] Predicting tRNAs and tmRNAs
[11:06:51] Running: aragorn -l -gc11  -w results\/prokka_plasmid\/9246\/9246\.fna
[11:06:51] Found 0 tRNAs
[11:06:51] Predicting Ribosomal RNAs
[11:06:51] Running Barrnap with 8 threads
[11:06:52] Found 0 rRNAs
[11:06:52] Skipping ncRNA search, enable with --rfam if desired.
[11:06:52] Total of 0 tRNA + rRNA features
[11:06:52] Searching for CRISPR repeats
[11:06:52] Found 0 CRISPRs
[11:06:52] Predicting coding sequences
[11:06:52] Contigs total 65945 bp, so using meta mode
[11:06:52] Running: prodigal -i results\/prokka_plasmid\/9246\/9246\.fna -c -m -g 11 -p meta -f sco -q
[11:06:53] Found 69 CDS
[11:06:53] Connecting features back to sequences
[11:06:53] Not using genus-specific database. Try --usegenus to enable it.
[11:06:53] Annotating CDS, please be patient.
[11:06:53] Will use 8 CPUs for similarity searching.
[11:06:53] There are still 69 unannotated CDS left (started with 69)
[11:06:53] Will use blast to search against /net/scratch2/c59670jd/TF_sprot/.snakemake/conda/4415c5ec042696b77aba69cb78fd342f_/db/kingdom/Bacteria/IS with 8 CPUs
[11:06:53] Running: cat results\/prokka_plasmid\/9246\/9246\.IS\.tmp\.22060\.faa | parallel --gnu --plain -j 8 --block 1099 --recstart '>' --pipe blastp -query - -db /net/scratch2/c59670jd/TF_sprot/.snakemake/conda/4415c5ec042696b77aba69cb78fd342f_/db/kingdom/Bacteria/IS -evalue 1e-30 -qcov_hsp_perc 90 -num_threads 1 -num_descriptions 1 -num_alignments 1 -seg no > results\/prokka_plasmid\/9246\/9246\.IS\.tmp\.22060\.blast 2> /dev/null
[11:06:55] Deleting unwanted file: results/prokka_plasmid/9246/9246.IS.tmp.22060.faa
[11:06:55] Deleting unwanted file: results/prokka_plasmid/9246/9246.IS.tmp.22060.blast
[11:06:55] There are still 64 unannotated CDS left (started with 69)
[11:06:55] Will use blast to search against /net/scratch2/c59670jd/TF_sprot/.snakemake/conda/4415c5ec042696b77aba69cb78fd342f_/db/kingdom/Bacteria/AMR with 8 CPUs
[11:06:55] Running: cat results\/prokka_plasmid\/9246\/9246\.AMR\.tmp\.22060\.faa | parallel --gnu --plain -j 8 --block 1059 --recstart '>' --pipe blastp -query - -db /net/scratch2/c59670jd/TF_sprot/.snakemake/conda/4415c5ec042696b77aba69cb78fd342f_/db/kingdom/Bacteria/AMR -evalue 1e-300 -qcov_hsp_perc 90 -num_threads 1 -num_descriptions 1 -num_alignments 1 -seg no > results\/prokka_plasmid\/9246\/9246\.AMR\.tmp\.22060\.blast 2> /dev/null
[11:06:56] Deleting unwanted file: results/prokka_plasmid/9246/9246.AMR.tmp.22060.faa
[11:06:56] Deleting unwanted file: results/prokka_plasmid/9246/9246.AMR.tmp.22060.blast
[11:06:56] There are still 64 unannotated CDS left (started with 69)
[11:06:56] Will use blast to search against /net/scratch2/c59670jd/TF_sprot/.snakemake/conda/4415c5ec042696b77aba69cb78fd342f_/db/kingdom/Bacteria/sprot with 8 CPUs
[11:06:56] Running: cat results\/prokka_plasmid\/9246\/9246\.sprot\.tmp\.22060\.faa | parallel --gnu --plain -j 8 --block 1059 --recstart '>' --pipe blastp -query - -db /net/scratch2/c59670jd/TF_sprot/.snakemake/conda/4415c5ec042696b77aba69cb78fd342f_/db/kingdom/Bacteria/sprot -evalue 1e-09 -qcov_hsp_perc 80 -num_threads 1 -num_descriptions 1 -num_alignments 1 -seg no > results\/prokka_plasmid\/9246\/9246\.sprot\.tmp\.22060\.blast 2> /dev/null
[11:06:58] Modify product: Uncharacterized periplasmic iron-binding protein HI_0362 => putative periplasmic iron-binding protein
[11:06:58] Modify product: Uncharacterized HTH-type transcriptional regulator RhmR => putative HTH-type transcriptional regulator RhmR
[11:06:58] Modify product: Probable 2-dehydro-3-deoxy-D-pentonate aldolase YjhH => putative 2-dehydro-3-deoxy-D-pentonate aldolase YjhH
[11:06:58] Cleaned 3 /product names
[11:06:58] Deleting unwanted file: results/prokka_plasmid/9246/9246.sprot.tmp.22060.faa
[11:06:58] Deleting unwanted file: results/prokka_plasmid/9246/9246.sprot.tmp.22060.blast
[11:06:58] There are still 32 unannotated CDS left (started with 69)
[11:06:58] Will use hmmer3 to search against /net/scratch2/c59670jd/TF_sprot/.snakemake/conda/4415c5ec042696b77aba69cb78fd342f_/db/hmm/HAMAP.hmm with 8 CPUs
[11:06:58] Running: cat results\/prokka_plasmid\/9246\/9246\.HAMAP\.hmm\.tmp\.22060\.faa | parallel --gnu --plain -j 8 --block 521 --recstart '>' --pipe hmmscan --noali --notextw --acc -E 1e-09 --cpu 1 /net/scratch2/c59670jd/TF_sprot/.snakemake/conda/4415c5ec042696b77aba69cb78fd342f_/db/hmm/HAMAP.hmm /dev/stdin > results\/prokka_plasmid\/9246\/9246\.HAMAP\.hmm\.tmp\.22060\.hmmer3 2> /dev/null
[11:07:02] Deleting unwanted file: results/prokka_plasmid/9246/9246.HAMAP.hmm.tmp.22060.faa
[11:07:02] Deleting unwanted file: results/prokka_plasmid/9246/9246.HAMAP.hmm.tmp.22060.hmmer3
[11:07:02] Labelling remaining 29 proteins as 'hypothetical protein'
[11:07:02] Possible /pseudo 'Manganese transport system membrane protein MntB' at 32 position 2893
[11:07:02] Possible /pseudo 'IS3 family transposase IS629' at 46 position 18452
[11:07:02] Found 29 unique /gene codes.
[11:07:02] Fixed 2 duplicate /gene - xerC_1 xerC_2
[11:07:02] Fixed 2 duplicate /gene - vapC_1 vapC_2
[11:07:02] Fixed 2 duplicate /gene - repE_1 repE_2
[11:07:02] Fixed 3 duplicate /gene - mntB_1 mntB_2 mntB_3
[11:07:02] Fixed 4 colliding /gene names.
[11:07:02] Adding /locus_tag identifiers
[11:07:02] Assigned 69 locus_tags to CDS and RNA features.
[11:07:02] Writing outputs to results/prokka_plasmid/9246/
[11:07:02] Generating annotation statistics file
[11:07:02] Generating Genbank and Sequin files
[11:07:02] Running: tbl2asn -V b -a r10k -l paired-ends -M n -N 1 -y 'Annotated using prokka 1.14.6 from https://github.com/tseemann/prokka' -Z results\/prokka_plasmid\/9246\/9246\.err -i results\/prokka_plasmid\/9246\/9246\.fsa 2> /dev/null
[11:07:06] Deleting unwanted file: results/prokka_plasmid/9246/errorsummary.val
[11:07:06] Deleting unwanted file: results/prokka_plasmid/9246/9246.dr
[11:07:06] Deleting unwanted file: results/prokka_plasmid/9246/9246.fixedproducts
[11:07:06] Deleting unwanted file: results/prokka_plasmid/9246/9246.ecn
[11:07:06] Deleting unwanted file: results/prokka_plasmid/9246/9246.val
[11:07:06] Repairing broken .GBK output that tbl2asn produces...
[11:07:06] Running: sed 's/COORDINATES: profile/COORDINATES:profile/' < results\/prokka_plasmid\/9246\/9246\.gbf > results\/prokka_plasmid\/9246\/9246\.gbk
[11:07:06] Deleting unwanted file: results/prokka_plasmid/9246/9246.gbf
[11:07:06] Output files:
[11:07:06] results/prokka_plasmid/9246/9246.err
[11:07:06] results/prokka_plasmid/9246/9246.txt
[11:07:06] results/prokka_plasmid/9246/9246.log
[11:07:06] results/prokka_plasmid/9246/9246.faa
[11:07:06] results/prokka_plasmid/9246/9246.gbk
[11:07:06] results/prokka_plasmid/9246/9246.fsa
[11:07:06] results/prokka_plasmid/9246/9246.tbl
[11:07:06] results/prokka_plasmid/9246/9246.tsv
[11:07:06] results/prokka_plasmid/9246/9246.fna
[11:07:06] results/prokka_plasmid/9246/9246.gff
[11:07:06] results/prokka_plasmid/9246/9246.sqn
[11:07:06] results/prokka_plasmid/9246/9246.ffn
[11:07:06] Annotation finished successfully.
[11:07:06] Walltime used: 0.90 minutes
[11:07:06] If you use this result please cite the Prokka paper:
[11:07:06] Seemann T (2014) Prokka: rapid prokaryotic genome annotation. Bioinformatics. 30(14):2068-9.
[11:07:06] Type 'prokka --citation' for more details.
[11:07:06] Thank you, come again.
