[16:10:01] This is prokka 1.14.6
[16:10:01] Written by Torsten Seemann <torsten.seemann@gmail.com>
[16:10:01] Homepage is https://github.com/tseemann/prokka
[16:10:01] Local time is Wed Feb  7 16:10:01 2024
[16:10:01] You are jtdejardin
[16:10:01] Operating system is linux
[16:10:01] You have BioPerl 1.7.8
[16:10:01] System has 8 cores.
[16:10:01] Will use maximum of 8 cores.
[16:10:01] Annotating as >>> Bacteria <<<
[16:10:01] Generating locus_tag from 'fasta_plasmid/1284.fasta' contents.
[16:10:01] Setting --locustag HPNEBIAD from MD5 197eb2ada117a496ff54346592f9dd8c
[16:10:01] Re-using existing --outdir prokka/1284
[16:10:01] Using filename prefix: 1284.XXX
[16:10:01] Setting HMMER_NCPU=1
[16:10:01] Writing log to: prokka/1284/1284.log
[16:10:01] Command: /home/jtdejardin/miniforge3/envs/prokka/bin/prokka --outdir prokka/1284 --prefix 1284 fasta_plasmid/1284.fasta --force
[16:10:01] Appending to PATH: /home/jtdejardin/miniforge3/envs/prokka/bin
[16:10:01] Looking for 'aragorn' - found /home/jtdejardin/miniforge3/envs/prokka/bin/aragorn
[16:10:01] Determined aragorn version is 001002 from 'ARAGORN v1.2.41 Dean Laslett'
[16:10:01] Looking for 'barrnap' - found /home/jtdejardin/miniforge3/envs/prokka/bin/barrnap
[16:10:02] Determined barrnap version is 000009 from 'barrnap 0.9'
[16:10:02] Looking for 'blastp' - found /home/jtdejardin/miniforge3/envs/prokka/bin/blastp
[16:10:02] Determined blastp version is 002015 from 'blastp: 2.15.0+'
[16:10:02] Looking for 'cmpress' - found /home/jtdejardin/miniforge3/envs/prokka/bin/cmpress
[16:10:02] Determined cmpress version is 001001 from '# INFERNAL 1.1.4 (Dec 2020)'
[16:10:02] Looking for 'cmscan' - found /home/jtdejardin/miniforge3/envs/prokka/bin/cmscan
[16:10:02] Determined cmscan version is 001001 from '# INFERNAL 1.1.4 (Dec 2020)'
[16:10:02] Looking for 'egrep' - found /usr/bin/egrep
[16:10:02] Looking for 'find' - found /usr/bin/find
[16:10:02] Looking for 'grep' - found /usr/bin/grep
[16:10:02] Looking for 'hmmpress' - found /home/jtdejardin/miniforge3/envs/prokka/bin/hmmpress
[16:10:02] Determined hmmpress version is 003004 from '# HMMER 3.4 (Aug 2023); http://hmmer.org/'
[16:10:02] Looking for 'hmmscan' - found /home/jtdejardin/miniforge3/envs/prokka/bin/hmmscan
[16:10:02] Determined hmmscan version is 003004 from '# HMMER 3.4 (Aug 2023); http://hmmer.org/'
[16:10:02] Looking for 'java' - found /home/jtdejardin/miniforge3/envs/prokka/bin/java
[16:10:02] Looking for 'makeblastdb' - found /home/jtdejardin/miniforge3/envs/prokka/bin/makeblastdb
[16:10:02] Determined makeblastdb version is 002015 from 'makeblastdb: 2.15.0+'
[16:10:02] Looking for 'minced' - found /home/jtdejardin/miniforge3/envs/prokka/bin/minced
[16:10:02] Determined minced version is 004002 from 'minced 0.4.2'
[16:10:02] Looking for 'parallel' - found /home/jtdejardin/miniforge3/envs/prokka/bin/parallel
[16:10:02] Determined parallel version is 20240122 from 'GNU parallel 20240122'
[16:10:02] Looking for 'prodigal' - found /home/jtdejardin/miniforge3/envs/prokka/bin/prodigal
[16:10:02] Determined prodigal version is 002006 from 'Prodigal V2.6.3: February, 2016'
[16:10:02] Looking for 'prokka-genbank_to_fasta_db' - found /home/jtdejardin/miniforge3/envs/prokka/bin/prokka-genbank_to_fasta_db
[16:10:02] Looking for 'sed' - found /usr/bin/sed
[16:10:02] Looking for 'tbl2asn' - found /home/jtdejardin/miniforge3/envs/prokka/bin/tbl2asn
[16:10:02] Determined tbl2asn version is 025007 from 'tbl2asn 25.7   arguments:'
[16:10:02] Using genetic code table 11.
[16:10:02] Loading and checking input file: fasta_plasmid/1284.fasta
[16:10:02] Wrote 2 contigs totalling 134197 bp.
[16:10:02] Predicting tRNAs and tmRNAs
[16:10:02] Running: aragorn -l -gc11  -w prokka\/1284\/1284\.fna
[16:10:02] Found 0 tRNAs
[16:10:02] Predicting Ribosomal RNAs
[16:10:02] Running Barrnap with 8 threads
[16:10:02] Found 0 rRNAs
[16:10:02] Skipping ncRNA search, enable with --rfam if desired.
[16:10:02] Total of 0 tRNA + rRNA features
[16:10:02] Searching for CRISPR repeats
[16:10:03] Found 0 CRISPRs
[16:10:03] Predicting coding sequences
[16:10:03] Contigs total 134197 bp, so using single mode
[16:10:03] Running: prodigal -i prokka\/1284\/1284\.fna -c -m -g 11 -p single -f sco -q
[16:10:03] Found 158 CDS
[16:10:03] Connecting features back to sequences
[16:10:03] Not using genus-specific database. Try --usegenus to enable it.
[16:10:03] Annotating CDS, please be patient.
[16:10:03] Will use 8 CPUs for similarity searching.
[16:10:03] There are still 158 unannotated CDS left (started with 158)
[16:10:03] Will use blast to search against /home/jtdejardin/miniforge3/envs/prokka/db/kingdom/Bacteria/IS with 8 CPUs
[16:10:03] Running: cat prokka\/1284\/1284\.IS\.tmp\.85\.faa | parallel --gnu --plain -j 8 --block 2328 --recstart '>' --pipe blastp -query - -db /home/jtdejardin/miniforge3/envs/prokka/db/kingdom/Bacteria/IS -evalue 1e-30 -qcov_hsp_perc 90 -num_threads 1 -num_descriptions 1 -num_alignments 1 -seg no > prokka\/1284\/1284\.IS\.tmp\.85\.blast 2> /dev/null
[16:10:04] Modify product: Tn3 family transposase Tn5403 => Tn3 family transposase
[16:10:04] Cleaned 1 /product names
[16:10:04] Deleting unwanted file: prokka/1284/1284.IS.tmp.85.faa
[16:10:04] Deleting unwanted file: prokka/1284/1284.IS.tmp.85.blast
[16:10:04] There are still 144 unannotated CDS left (started with 158)
[16:10:04] Will use blast to search against /home/jtdejardin/miniforge3/envs/prokka/db/kingdom/Bacteria/AMR with 8 CPUs
[16:10:04] Running: cat prokka\/1284\/1284\.AMR\.tmp\.85\.faa | parallel --gnu --plain -j 8 --block 2016 --recstart '>' --pipe blastp -query - -db /home/jtdejardin/miniforge3/envs/prokka/db/kingdom/Bacteria/AMR -evalue 1e-300 -qcov_hsp_perc 90 -num_threads 1 -num_descriptions 1 -num_alignments 1 -seg no > prokka\/1284\/1284\.AMR\.tmp\.85\.blast 2> /dev/null
[16:10:05] Deleting unwanted file: prokka/1284/1284.AMR.tmp.85.faa
[16:10:05] Deleting unwanted file: prokka/1284/1284.AMR.tmp.85.blast
[16:10:05] There are still 144 unannotated CDS left (started with 158)
[16:10:05] Will use blast to search against /home/jtdejardin/miniforge3/envs/prokka/db/kingdom/Bacteria/sprot with 8 CPUs
[16:10:05] Running: cat prokka\/1284\/1284\.sprot\.tmp\.85\.faa | parallel --gnu --plain -j 8 --block 2016 --recstart '>' --pipe blastp -query - -db /home/jtdejardin/miniforge3/envs/prokka/db/kingdom/Bacteria/sprot -evalue 1e-09 -qcov_hsp_perc 80 -num_threads 1 -num_descriptions 1 -num_alignments 1 -seg no > prokka\/1284\/1284\.sprot\.tmp\.85\.blast 2> /dev/null
[16:10:07] Modify product: Transcriptional regulator Rv3488 => Transcriptional regulator
[16:10:07] Modify product: Probable chromate transport protein => putative chromate transport protein
[16:10:07] Modify product: Uncharacterized HTH-type transcriptional regulator RhmR => putative HTH-type transcriptional regulator RhmR
[16:10:07] Modify product: Probable 2-dehydro-3-deoxy-D-pentonate aldolase YjhH => putative 2-dehydro-3-deoxy-D-pentonate aldolase YjhH
[16:10:07] Cleaned 4 /product names
[16:10:07] Deleting unwanted file: prokka/1284/1284.sprot.tmp.85.faa
[16:10:07] Deleting unwanted file: prokka/1284/1284.sprot.tmp.85.blast
[16:10:07] There are still 94 unannotated CDS left (started with 158)
[16:10:07] Will use hmmer3 to search against /home/jtdejardin/miniforge3/envs/prokka/db/hmm/HAMAP.hmm with 8 CPUs
[16:10:07] Running: cat prokka\/1284\/1284\.HAMAP\.hmm\.tmp\.85\.faa | parallel --gnu --plain -j 8 --block 1249 --recstart '>' --pipe hmmscan --noali --notextw --acc -E 1e-09 --cpu 1 /home/jtdejardin/miniforge3/envs/prokka/db/hmm/HAMAP.hmm /dev/stdin > prokka\/1284\/1284\.HAMAP\.hmm\.tmp\.85\.hmmer3 2> /dev/null
[16:10:09] Deleting unwanted file: prokka/1284/1284.HAMAP.hmm.tmp.85.faa
[16:10:09] Deleting unwanted file: prokka/1284/1284.HAMAP.hmm.tmp.85.hmmer3
[16:10:09] Labelling remaining 89 proteins as 'hypothetical protein'
[16:10:09] Possible /pseudo 'IS3 family transposase IS629' at 11 position 19977
[16:10:09] Found 48 unique /gene codes.
[16:10:09] Fixed 3 duplicate /gene - xerC_1 xerC_2 xerC_3
[16:10:09] Fixed 2 duplicate /gene - bla_1 bla_2
[16:10:09] Fixed 2 duplicate /gene - yhcR_1 yhcR_2
[16:10:09] Fixed 2 duplicate /gene - vapC_1 vapC_2
[16:10:09] Fixed 4 colliding /gene names.
[16:10:09] Adding /locus_tag identifiers
[16:10:09] Assigned 158 locus_tags to CDS and RNA features.
[16:10:09] Writing outputs to prokka/1284/
[16:10:09] Generating annotation statistics file
[16:10:09] Generating Genbank and Sequin files
[16:10:09] Running: tbl2asn -V b -a r10k -l paired-ends -M n -N 1 -y 'Annotated using prokka 1.14.6 from https://github.com/tseemann/prokka' -Z prokka\/1284\/1284\.err -i prokka\/1284\/1284\.fsa 2> /dev/null
[16:10:10] Deleting unwanted file: prokka/1284/errorsummary.val
[16:10:10] Deleting unwanted file: prokka/1284/1284.dr
[16:10:10] Deleting unwanted file: prokka/1284/1284.fixedproducts
[16:10:10] Deleting unwanted file: prokka/1284/1284.ecn
[16:10:10] Deleting unwanted file: prokka/1284/1284.val
[16:10:10] Repairing broken .GBK output that tbl2asn produces...
[16:10:10] Running: sed 's/COORDINATES: profile/COORDINATES:profile/' < prokka\/1284\/1284\.gbf > prokka\/1284\/1284\.gbk
[16:10:10] Deleting unwanted file: prokka/1284/1284.gbf
[16:10:10] Output files:
[16:10:10] prokka/1284/1284.err
[16:10:10] prokka/1284/1284.faa
[16:10:10] prokka/1284/1284.ffn
[16:10:10] prokka/1284/1284.fna
[16:10:10] prokka/1284/1284.fsa
[16:10:10] prokka/1284/1284.gbk
[16:10:10] prokka/1284/1284.gff
[16:10:10] prokka/1284/1284.log
[16:10:10] prokka/1284/1284.sqn
[16:10:10] prokka/1284/1284.tbl
[16:10:10] prokka/1284/1284.tsv
[16:10:10] prokka/1284/1284.txt
[16:10:10] Annotation finished successfully.
[16:10:10] Walltime used: 0.15 minutes
[16:10:10] If you use this result please cite the Prokka paper:
[16:10:10] Seemann T (2014) Prokka: rapid prokaryotic genome annotation. Bioinformatics. 30(14):2068-9.
[16:10:10] Type 'prokka --citation' for more details.
[16:10:10] Share and enjoy!
