Discrepancy Report Results

Summary
FATAL: MISSING_PROTEIN_ID:158 proteins have invalid IDs.
DISC_SOURCE_QUALS_ASNDISC:strain (all present, all same)
DISC_SOURCE_QUALS_ASNDISC:taxname (all present, all same)
DISC_FEATURE_COUNT:CDS: 158 present
DISC_COUNT_NUCLEOTIDES:2 nucleotide Bioseqs are present
FEATURE_LOCATION_CONFLICT:158 features have inconsistent gene locations.
SUSPECT_PRODUCT_NAMES:1 product_names contain suspect phrase or characters
	May contain database identifier more appropriate in note; remove from product name
		1 features contains three or more numbers together that may be identifiers more appropriate in note
DISC_QUALITY_SCORES:Quality scores are missing on all sequences.
ONCALLER_COMMENT_PRESENT:2 comment descriptors were found (all same)
SHORT_PROT_SEQUENCES:1 protein sequences are shorter than 50 aa.
MISSING_GENOMEASSEMBLY_COMMENTS:2 bioseqs are missing GenomeAssembly structured comments
MOLTYPE_NOT_MRNA:2 molecule types are not set as mRNA.
TECHNIQUE_NOT_TSA:2 technique are not set as TSA
MISSING_STRUCTURED_COMMENT:2 sequences do not include structured comments.
MISSING_PROJECT:160 sequences do not include project.
DISC_INCONSISTENT_MOLINFO_TECH:Molinfo Technique Report (some missing, all same)


Detailed Report

FATAL: DiscRep_ALL:MISSING_PROTEIN_ID::158 proteins have invalid IDs.
prokka/1284/1284:11_1 (length 76)
prokka/1284/1284:11_2 (length 138)
prokka/1284/1284:11_3 (length 521)
prokka/1284/1284:11_4 (length 340)
prokka/1284/1284:11_5 (length 167)
prokka/1284/1284:11_6 (length 85)
prokka/1284/1284:11_7 (length 60)
prokka/1284/1284:11_8 (length 389)
prokka/1284/1284:11_9 (length 97)
prokka/1284/1284:11_10 (length 91)
prokka/1284/1284:11_11 (length 92)
prokka/1284/1284:11_12 (length 250)
prokka/1284/1284:11_13 (length 321)
prokka/1284/1284:11_14 (length 126)
prokka/1284/1284:11_15 (length 296)
prokka/1284/1284:11_16 (length 64)
prokka/1284/1284:11_17 (length 75)
prokka/1284/1284:11_18 (length 288)
prokka/1284/1284:11_19 (length 295)
prokka/1284/1284:11_20 (length 274)
prokka/1284/1284:11_21 (length 357)
prokka/1284/1284:11_22 (length 436)
prokka/1284/1284:11_23 (length 121)
prokka/1284/1284:11_24 (length 57)
prokka/1284/1284:11_25 (length 148)
prokka/1284/1284:11_26 (length 152)
prokka/1284/1284:11_27 (length 234)
prokka/1284/1284:11_28 (length 184)
prokka/1284/1284:11_29 (length 161)
prokka/1284/1284:11_30 (length 161)
prokka/1284/1284:11_31 (length 231)
prokka/1284/1284:11_32 (length 376)
prokka/1284/1284:11_33 (length 427)
prokka/1284/1284:11_34 (length 459)
prokka/1284/1284:11_35 (length 175)
prokka/1284/1284:11_36 (length 628)
prokka/1284/1284:11_37 (length 253)
prokka/1284/1284:11_38 (length 234)
prokka/1284/1284:11_39 (length 301)
prokka/1284/1284:11_40 (length 412)
prokka/1284/1284:11_41 (length 194)
prokka/1284/1284:11_42 (length 254)
prokka/1284/1284:11_43 (length 101)
prokka/1284/1284:11_44 (length 401)
prokka/1284/1284:11_45 (length 279)
prokka/1284/1284:11_46 (length 115)
prokka/1284/1284:11_47 (length 262)
prokka/1284/1284:11_48 (length 199)
prokka/1284/1284:11_49 (length 337)
prokka/1284/1284:11_50 (length 116)
prokka/1284/1284:11_51 (length 109)
prokka/1284/1284:11_52 (length 234)
prokka/1284/1284:11_53 (length 291)
prokka/1284/1284:11_54 (length 106)
prokka/1284/1284:11_55 (length 671)
prokka/1284/1284:11_56 (length 234)
prokka/1284/1284:11_57 (length 182)
prokka/1284/1284:11_58 (length 291)
prokka/1284/1284:11_59 (length 199)
prokka/1284/1284:11_60 (length 234)
prokka/1284/1284:11_61 (length 509)
prokka/1284/1284:11_62 (length 225)
prokka/1284/1284:11_63 (length 399)
prokka/1284/1284:11_64 (length 294)
prokka/1284/1284:11_65 (length 273)
prokka/1284/1284:11_66 (length 201)
prokka/1284/1284:11_67 (length 965)
prokka/1284/1284:11_68 (length 110)
prokka/1284/1284:11_69 (length 85)
prokka/1284/1284:11_70 (length 217)
prokka/1284/1284:11_71 (length 285)
prokka/1284/1284:11_72 (length 84)
prokka/1284/1284:11_73 (length 196)
prokka/1284/1284:11_74 (length 69)
prokka/1284/1284:11_75 (length 153)
prokka/1284/1284:11_76 (length 71)
prokka/1284/1284:11_77 (length 108)
prokka/1284/1284:11_78 (length 245)
prokka/1284/1284:11_79 (length 243)
prokka/1284/1284:11_80 (length 159)
prokka/1284/1284:11_81 (length 940)
prokka/1284/1284:11_82 (length 343)
prokka/1284/1284:11_83 (length 234)
prokka/1284/1284:11_84 (length 453)
prokka/1284/1284:11_85 (length 76)
prokka/1284/1284:11_86 (length 63)
prokka/1284/1284:11_87 (length 140)
prokka/1284/1284:11_88 (length 141)
prokka/1284/1284:11_89 (length 258)
prokka/1284/1284:11_90 (length 144)
prokka/1284/1284:11_91 (length 73)
prokka/1284/1284:11_92 (length 227)
prokka/1284/1284:11_93 (length 308)
prokka/1284/1284:11_94 (length 323)
prokka/1284/1284:11_95 (length 388)
prokka/1284/1284:11_96 (length 251)
prokka/1284/1284:11_97 (length 268)
prokka/1284/1284:11_98 (length 101)
prokka/1284/1284:11_99 (length 72)
prokka/1284/1284:11_100 (length 170)
prokka/1284/1284:11_101 (length 373)
prokka/1284/1284:11_102 (length 141)
prokka/1284/1284:11_103 (length 116)
prokka/1284/1284:11_104 (length 537)
prokka/1284/1284:11_105 (length 257)
prokka/1284/1284:11_106 (length 166)
prokka/1284/1284:11_107 (length 76)
prokka/1284/1284:11_108 (length 138)
prokka/1284/1284:11_109 (length 844)
prokka/1284/1284:13_1 (length 89)
prokka/1284/1284:13_2 (length 164)
prokka/1284/1284:13_3 (length 102)
prokka/1284/1284:13_4 (length 101)
prokka/1284/1284:13_5 (length 139)
prokka/1284/1284:13_6 (length 620)
prokka/1284/1284:13_7 (length 342)
prokka/1284/1284:13_8 (length 372)
prokka/1284/1284:13_9 (length 302)
prokka/1284/1284:13_10 (length 228)
prokka/1284/1284:13_11 (length 59)
prokka/1284/1284:13_12 (length 364)
prokka/1284/1284:13_13 (length 238)
prokka/1284/1284:13_14 (length 915)
prokka/1284/1284:13_15 (length 108)
prokka/1284/1284:13_16 (length 206)
prokka/1284/1284:13_17 (length 58)
prokka/1284/1284:13_18 (length 71)
prokka/1284/1284:13_19 (length 97)
prokka/1284/1284:13_20 (length 409)
prokka/1284/1284:13_21 (length 165)
prokka/1284/1284:13_22 (length 85)
prokka/1284/1284:13_23 (length 74)
prokka/1284/1284:13_24 (length 45)
prokka/1284/1284:13_25 (length 121)
prokka/1284/1284:13_26 (length 99)
prokka/1284/1284:13_27 (length 75)
prokka/1284/1284:13_28 (length 83)
prokka/1284/1284:13_29 (length 180)
prokka/1284/1284:13_30 (length 171)
prokka/1284/1284:13_31 (length 116)
prokka/1284/1284:13_32 (length 111)
prokka/1284/1284:13_33 (length 87)
prokka/1284/1284:13_34 (length 335)
prokka/1284/1284:13_35 (length 134)
prokka/1284/1284:13_36 (length 158)
prokka/1284/1284:13_37 (length 162)
prokka/1284/1284:13_38 (length 175)
prokka/1284/1284:13_39 (length 71)
prokka/1284/1284:13_40 (length 83)
prokka/1284/1284:13_41 (length 100)
prokka/1284/1284:13_42 (length 219)
prokka/1284/1284:13_43 (length 274)
prokka/1284/1284:13_44 (length 217)
prokka/1284/1284:13_45 (length 154)
prokka/1284/1284:13_46 (length 68)
prokka/1284/1284:13_47 (length 717)
prokka/1284/1284:13_48 (length 190)
prokka/1284/1284:13_49 (length 93)

DiscRep_ALL:DISC_SOURCE_QUALS_ASNDISC::strain (all present, all same)
DiscRep_SUB:DISC_SOURCE_QUALS_ASNDISC::2 sources have 'strain' for strain
DiscRep_ALL:DISC_SOURCE_QUALS_ASNDISC::taxname (all present, all same)
DiscRep_SUB:DISC_SOURCE_QUALS_ASNDISC::2 sources have 'Genus species' for taxname
DiscRep_ALL:DISC_FEATURE_COUNT::CDS: 158 present
DiscRep_ALL:DISC_COUNT_NUCLEOTIDES::2 nucleotide Bioseqs are present
prokka/1284/1284:11 (length 98678)
prokka/1284/1284:13 (length 35519)

DiscRep_ALL:FEATURE_LOCATION_CONFLICT::158 features have inconsistent gene locations.
DiscRep_SUB:FEATURE_LOCATION_CONFLICT::Coding region xref gene does not exist
prokka/1284/1284:CDS	hypothetical protein	11:1555-1785	HPNEBIAD_00001

DiscRep_SUB:FEATURE_LOCATION_CONFLICT::Coding region xref gene does not exist
prokka/1284/1284:CDS	tRNA(fMet)-specific endonuclease VapC	11:1782-2198	HPNEBIAD_00002

DiscRep_SUB:FEATURE_LOCATION_CONFLICT::Coding region xref gene does not exist
prokka/1284/1284:CDS	hypothetical protein	11:2273-3838	HPNEBIAD_00003

DiscRep_SUB:FEATURE_LOCATION_CONFLICT::Coding region xref gene does not exist
prokka/1284/1284:CDS	hypothetical protein	11:3823-4845	HPNEBIAD_00004

DiscRep_SUB:FEATURE_LOCATION_CONFLICT::Coding region xref gene does not exist
prokka/1284/1284:CDS	hypothetical protein	11:c5602-5099	HPNEBIAD_00005

DiscRep_SUB:FEATURE_LOCATION_CONFLICT::Coding region xref gene does not exist
prokka/1284/1284:CDS	hypothetical protein	11:5958-6215	HPNEBIAD_00006

DiscRep_SUB:FEATURE_LOCATION_CONFLICT::Coding region xref gene does not exist
prokka/1284/1284:CDS	hypothetical protein	11:c6353-6171	HPNEBIAD_00007

DiscRep_SUB:FEATURE_LOCATION_CONFLICT::Coding region xref gene does not exist
prokka/1284/1284:CDS	hypothetical protein	11:6885-8054	HPNEBIAD_00008

DiscRep_SUB:FEATURE_LOCATION_CONFLICT::Coding region xref gene does not exist
prokka/1284/1284:CDS	hypothetical protein	11:c8543-8250	HPNEBIAD_00009

DiscRep_SUB:FEATURE_LOCATION_CONFLICT::Coding region xref gene does not exist
prokka/1284/1284:CDS	hypothetical protein	11:c8924-8649	HPNEBIAD_00010

DiscRep_SUB:FEATURE_LOCATION_CONFLICT::Coding region xref gene does not exist
prokka/1284/1284:CDS	hypothetical protein	11:c9202-8924	HPNEBIAD_00011

DiscRep_SUB:FEATURE_LOCATION_CONFLICT::Coding region xref gene does not exist
prokka/1284/1284:CDS	putative HTH-type transcriptional regulator RhmR	11:9813-10565	HPNEBIAD_00012

DiscRep_SUB:FEATURE_LOCATION_CONFLICT::Coding region xref gene does not exist
prokka/1284/1284:CDS	2-keto-3-deoxygluconate permease	11:c11576-10611	HPNEBIAD_00013

DiscRep_SUB:FEATURE_LOCATION_CONFLICT::Coding region xref gene does not exist
prokka/1284/1284:CDS	2-iminobutanoate/2-iminopropanoate deaminase	11:c11989-11609	HPNEBIAD_00014

DiscRep_SUB:FEATURE_LOCATION_CONFLICT::Coding region xref gene does not exist
prokka/1284/1284:CDS	putative 2-dehydro-3-deoxy-D-pentonate aldolase YjhH	11:c12904-12014	HPNEBIAD_00015

DiscRep_SUB:FEATURE_LOCATION_CONFLICT::Coding region xref gene does not exist
prokka/1284/1284:CDS	hypothetical protein	11:c13331-13137	HPNEBIAD_00016

DiscRep_SUB:FEATURE_LOCATION_CONFLICT::Coding region xref gene does not exist
prokka/1284/1284:CDS	Aldehyde reductase Ahr	11:13518-13745	HPNEBIAD_00017

DiscRep_SUB:FEATURE_LOCATION_CONFLICT::Coding region xref gene does not exist
prokka/1284/1284:CDS	sn-glycerol-3-phosphate transport system permease protein UgpA	11:13888-14754	HPNEBIAD_00018

DiscRep_SUB:FEATURE_LOCATION_CONFLICT::Coding region xref gene does not exist
prokka/1284/1284:CDS	Diacetylchitobiose uptake system permease protein NgcG	11:14744-15631	HPNEBIAD_00019

DiscRep_SUB:FEATURE_LOCATION_CONFLICT::Coding region xref gene does not exist
prokka/1284/1284:CDS	3',5'-cyclic adenosine monophosphate phosphodiesterase CpdA	11:15642-16466	HPNEBIAD_00020

DiscRep_SUB:FEATURE_LOCATION_CONFLICT::Coding region xref gene does not exist
prokka/1284/1284:CDS	sn-glycerol-3-phosphate import ATP-binding protein UgpC	11:16472-17545	HPNEBIAD_00021

DiscRep_SUB:FEATURE_LOCATION_CONFLICT::Coding region xref gene does not exist
prokka/1284/1284:CDS	sn-glycerol-3-phosphate-binding periplasmic protein UgpB	11:17538-18848	HPNEBIAD_00022

DiscRep_SUB:FEATURE_LOCATION_CONFLICT::Coding region xref gene does not exist
prokka/1284/1284:CDS	Transposase for transposon Tn5	11:c19272-18907	HPNEBIAD_00023

DiscRep_SUB:FEATURE_LOCATION_CONFLICT::Coding region xref gene does not exist
prokka/1284/1284:CDS	hypothetical protein	11:c19465-19292	HPNEBIAD_00024

DiscRep_SUB:FEATURE_LOCATION_CONFLICT::Coding region xref gene does not exist
prokka/1284/1284:CDS	IS3 family transposase IS629	11:c19993-19547	HPNEBIAD_00025

DiscRep_SUB:FEATURE_LOCATION_CONFLICT::Coding region xref gene does not exist
prokka/1284/1284:CDS	IS3 family transposase IS629	11:c20435-19977	HPNEBIAD_00026

DiscRep_SUB:FEATURE_LOCATION_CONFLICT::Coding region xref gene does not exist
prokka/1284/1284:CDS	IS6 family transposase IS26	11:20768-21472	HPNEBIAD_00027

DiscRep_SUB:FEATURE_LOCATION_CONFLICT::Coding region xref gene does not exist
prokka/1284/1284:CDS	Glucose-1-phosphatase	11:c22060-21506	HPNEBIAD_00028

DiscRep_SUB:FEATURE_LOCATION_CONFLICT::Coding region xref gene does not exist
prokka/1284/1284:CDS	hypothetical protein	11:c22667-22182	HPNEBIAD_00029

DiscRep_SUB:FEATURE_LOCATION_CONFLICT::Coding region xref gene does not exist
prokka/1284/1284:CDS	Thiol-disulfide oxidoreductase ResA	11:c23177-22692	HPNEBIAD_00030

DiscRep_SUB:FEATURE_LOCATION_CONFLICT::Coding region xref gene does not exist
prokka/1284/1284:CDS	Lipoprotein-releasing system ATP-binding protein LolD	11:c23859-23164	HPNEBIAD_00031

DiscRep_SUB:FEATURE_LOCATION_CONFLICT::Coding region xref gene does not exist
prokka/1284/1284:CDS	hypothetical protein	11:c24994-23864	HPNEBIAD_00032

DiscRep_SUB:FEATURE_LOCATION_CONFLICT::Coding region xref gene does not exist
prokka/1284/1284:CDS	hypothetical protein	11:c26267-24984	HPNEBIAD_00033

DiscRep_SUB:FEATURE_LOCATION_CONFLICT::Coding region xref gene does not exist
prokka/1284/1284:CDS	hypothetical protein	11:c27649-26270	HPNEBIAD_00034

DiscRep_SUB:FEATURE_LOCATION_CONFLICT::Coding region xref gene does not exist
prokka/1284/1284:CDS	34 kDa membrane antigen	11:c28280-27753	HPNEBIAD_00035

DiscRep_SUB:FEATURE_LOCATION_CONFLICT::Coding region xref gene does not exist
prokka/1284/1284:CDS	hypothetical protein	11:c30207-28321	HPNEBIAD_00036

DiscRep_SUB:FEATURE_LOCATION_CONFLICT::Coding region xref gene does not exist
prokka/1284/1284:CDS	Na(+)-translocating NADH-quinone reductase subunit C	11:c31315-30554	HPNEBIAD_00037

DiscRep_SUB:FEATURE_LOCATION_CONFLICT::Coding region xref gene does not exist
prokka/1284/1284:CDS	IS6 family transposase IS26	11:31595-32299	HPNEBIAD_00038

DiscRep_SUB:FEATURE_LOCATION_CONFLICT::Coding region xref gene does not exist
prokka/1284/1284:CDS	hypothetical protein	11:32421-33326	HPNEBIAD_00039

DiscRep_SUB:FEATURE_LOCATION_CONFLICT::Coding region xref gene does not exist
prokka/1284/1284:CDS	Multidrug efflux pump Tap	11:33323-34561	HPNEBIAD_00040

DiscRep_SUB:FEATURE_LOCATION_CONFLICT::Coding region xref gene does not exist
prokka/1284/1284:CDS	hypothetical protein	11:34561-35145	HPNEBIAD_00041

DiscRep_SUB:FEATURE_LOCATION_CONFLICT::Coding region xref gene does not exist
prokka/1284/1284:CDS	IS6 family transposase IS6100	11:c36402-35638	HPNEBIAD_00042

DiscRep_SUB:FEATURE_LOCATION_CONFLICT::Coding region xref gene does not exist
prokka/1284/1284:CDS	Transcriptional regulator	11:c36934-36629	HPNEBIAD_00043

DiscRep_SUB:FEATURE_LOCATION_CONFLICT::Coding region xref gene does not exist
prokka/1284/1284:CDS	putative chromate transport protein	11:c38150-36945	HPNEBIAD_00044

DiscRep_SUB:FEATURE_LOCATION_CONFLICT::Coding region xref gene does not exist
prokka/1284/1284:CDS	Dihydropteroate synthase	11:c39476-38637	HPNEBIAD_00045

DiscRep_SUB:FEATURE_LOCATION_CONFLICT::Coding region xref gene does not exist
prokka/1284/1284:CDS	Multidrug transporter EmrE	11:c39817-39470	HPNEBIAD_00046

DiscRep_SUB:FEATURE_LOCATION_CONFLICT::Coding region xref gene does not exist
prokka/1284/1284:CDS	Streptomycin 3''-adenylyltransferase	11:c40811-40023	HPNEBIAD_00047

DiscRep_SUB:FEATURE_LOCATION_CONFLICT::Coding region xref gene does not exist
prokka/1284/1284:CDS	hypothetical protein	11:c41541-40942	HPNEBIAD_00048

DiscRep_SUB:FEATURE_LOCATION_CONFLICT::Coding region xref gene does not exist
prokka/1284/1284:CDS	Tyrosine recombinase XerC	11:41573-42586	HPNEBIAD_00049

DiscRep_SUB:FEATURE_LOCATION_CONFLICT::Coding region xref gene does not exist
prokka/1284/1284:CDS	hypothetical protein	11:42789-43139	HPNEBIAD_00050

DiscRep_SUB:FEATURE_LOCATION_CONFLICT::Coding region xref gene does not exist
prokka/1284/1284:CDS	hypothetical protein	11:43265-43594	HPNEBIAD_00051

DiscRep_SUB:FEATURE_LOCATION_CONFLICT::Coding region xref gene does not exist
prokka/1284/1284:CDS	IS6 family transposase IS26	11:c44189-43485	HPNEBIAD_00052

DiscRep_SUB:FEATURE_LOCATION_CONFLICT::Coding region xref gene does not exist
prokka/1284/1284:CDS	Beta-lactamase CTX-M-1	11:44325-45200	HPNEBIAD_00053

DiscRep_SUB:FEATURE_LOCATION_CONFLICT::Coding region xref gene does not exist
prokka/1284/1284:CDS	hypothetical protein	11:45214-45534	HPNEBIAD_00054

DiscRep_SUB:FEATURE_LOCATION_CONFLICT::Coding region xref gene does not exist
prokka/1284/1284:CDS	Tn3 family transposase Tn2	11:45839-47854	HPNEBIAD_00055

DiscRep_SUB:FEATURE_LOCATION_CONFLICT::Coding region xref gene does not exist
prokka/1284/1284:CDS	IS6 family transposase IS26	11:47901-48605	HPNEBIAD_00056

DiscRep_SUB:FEATURE_LOCATION_CONFLICT::Coding region xref gene does not exist
prokka/1284/1284:CDS	Chloramphenicol acetyltransferase	11:c49099-48551	HPNEBIAD_00057

DiscRep_SUB:FEATURE_LOCATION_CONFLICT::Coding region xref gene does not exist
prokka/1284/1284:CDS	Beta-lactamase OXA-1	11:c50112-49237	HPNEBIAD_00058

DiscRep_SUB:FEATURE_LOCATION_CONFLICT::Coding region xref gene does not exist
prokka/1284/1284:CDS	Aminoglycoside N(6')-acetyltransferase type 1	11:c50797-50198	HPNEBIAD_00059

DiscRep_SUB:FEATURE_LOCATION_CONFLICT::Coding region xref gene does not exist
prokka/1284/1284:CDS	IS6 family transposase IS26	11:c51600-50896	HPNEBIAD_00060

DiscRep_SUB:FEATURE_LOCATION_CONFLICT::Coding region xref gene does not exist
prokka/1284/1284:CDS	Tn3 family transposase TnAs1	11:51651-53180	HPNEBIAD_00061

DiscRep_SUB:FEATURE_LOCATION_CONFLICT::Coding region xref gene does not exist
prokka/1284/1284:CDS	Tetracycline repressor protein class A from transposon 1721	11:c54173-53496	HPNEBIAD_00062

DiscRep_SUB:FEATURE_LOCATION_CONFLICT::Coding region xref gene does not exist
prokka/1284/1284:CDS	Tetracycline resistance protein, class C	11:54252-55451	HPNEBIAD_00063

DiscRep_SUB:FEATURE_LOCATION_CONFLICT::Coding region xref gene does not exist
prokka/1284/1284:CDS	hypothetical protein	11:c56367-55483	HPNEBIAD_00064

DiscRep_SUB:FEATURE_LOCATION_CONFLICT::Coding region xref gene does not exist
prokka/1284/1284:CDS	Tn3 family transposase TnAs1	11:56856-57677	HPNEBIAD_00065

DiscRep_SUB:FEATURE_LOCATION_CONFLICT::Coding region xref gene does not exist
prokka/1284/1284:CDS	Serine recombinase PinR	11:c58279-57674	HPNEBIAD_00066

DiscRep_SUB:FEATURE_LOCATION_CONFLICT::Coding region xref gene does not exist
prokka/1284/1284:CDS	Tn3 family transposase	11:58374-61271	HPNEBIAD_00067

DiscRep_SUB:FEATURE_LOCATION_CONFLICT::Coding region xref gene does not exist
prokka/1284/1284:CDS	Endoribonuclease PemK	11:c61740-61408	HPNEBIAD_00068

DiscRep_SUB:FEATURE_LOCATION_CONFLICT::Coding region xref gene does not exist
prokka/1284/1284:CDS	Antitoxin PemI	11:c61999-61742	HPNEBIAD_00069

DiscRep_SUB:FEATURE_LOCATION_CONFLICT::Coding region xref gene does not exist
prokka/1284/1284:CDS	hypothetical protein	11:c62745-62092	HPNEBIAD_00070

DiscRep_SUB:FEATURE_LOCATION_CONFLICT::Coding region xref gene does not exist
prokka/1284/1284:CDS	hypothetical protein	11:c64541-63684	HPNEBIAD_00071

DiscRep_SUB:FEATURE_LOCATION_CONFLICT::Coding region xref gene does not exist
prokka/1284/1284:CDS	hypothetical protein	11:c65100-64846	HPNEBIAD_00072

DiscRep_SUB:FEATURE_LOCATION_CONFLICT::Coding region xref gene does not exist
prokka/1284/1284:CDS	hypothetical protein	11:c65930-65340	HPNEBIAD_00073

DiscRep_SUB:FEATURE_LOCATION_CONFLICT::Coding region xref gene does not exist
prokka/1284/1284:CDS	Hemolysin expression-modulating protein Hha	11:c66177-65968	HPNEBIAD_00074

DiscRep_SUB:FEATURE_LOCATION_CONFLICT::Coding region xref gene does not exist
prokka/1284/1284:CDS	Endonuclease YhcR	11:c66684-66223	HPNEBIAD_00075

DiscRep_SUB:FEATURE_LOCATION_CONFLICT::Coding region xref gene does not exist
prokka/1284/1284:CDS	hypothetical protein	11:67178-67393	HPNEBIAD_00076

DiscRep_SUB:FEATURE_LOCATION_CONFLICT::Coding region xref gene does not exist
prokka/1284/1284:CDS	Coupling protein TraD	11:c67803-67477	HPNEBIAD_00077

DiscRep_SUB:FEATURE_LOCATION_CONFLICT::Coding region xref gene does not exist
prokka/1284/1284:CDS	hypothetical protein	11:c68591-67854	HPNEBIAD_00078

DiscRep_SUB:FEATURE_LOCATION_CONFLICT::Coding region xref gene does not exist
prokka/1284/1284:CDS	Lipoprotein YlpA	11:c69525-68794	HPNEBIAD_00079

DiscRep_SUB:FEATURE_LOCATION_CONFLICT::Coding region xref gene does not exist
prokka/1284/1284:CDS	hypothetical protein	11:c70053-69574	HPNEBIAD_00080

DiscRep_SUB:FEATURE_LOCATION_CONFLICT::Coding region xref gene does not exist
prokka/1284/1284:CDS	hypothetical protein	11:c72897-70075	HPNEBIAD_00081

DiscRep_SUB:FEATURE_LOCATION_CONFLICT::Coding region xref gene does not exist
prokka/1284/1284:CDS	hypothetical protein	11:c73925-72894	HPNEBIAD_00082

DiscRep_SUB:FEATURE_LOCATION_CONFLICT::Coding region xref gene does not exist
prokka/1284/1284:CDS	IS6 family transposase IS15	11:73984-74688	HPNEBIAD_00083

DiscRep_SUB:FEATURE_LOCATION_CONFLICT::Coding region xref gene does not exist
prokka/1284/1284:CDS	hypothetical protein	11:c76151-74790	HPNEBIAD_00084

DiscRep_SUB:FEATURE_LOCATION_CONFLICT::Coding region xref gene does not exist
prokka/1284/1284:CDS	hypothetical protein	11:c76433-76203	HPNEBIAD_00085

DiscRep_SUB:FEATURE_LOCATION_CONFLICT::Coding region xref gene does not exist
prokka/1284/1284:CDS	hypothetical protein	11:c77659-77468	HPNEBIAD_00086

DiscRep_SUB:FEATURE_LOCATION_CONFLICT::Coding region xref gene does not exist
prokka/1284/1284:CDS	hypothetical protein	11:c78078-77656	HPNEBIAD_00087

DiscRep_SUB:FEATURE_LOCATION_CONFLICT::Coding region xref gene does not exist
prokka/1284/1284:CDS	Antirestriction protein KlcA	11:c78550-78125	HPNEBIAD_00088

DiscRep_SUB:FEATURE_LOCATION_CONFLICT::Coding region xref gene does not exist
prokka/1284/1284:CDS	hypothetical protein	11:c79743-78967	HPNEBIAD_00089

DiscRep_SUB:FEATURE_LOCATION_CONFLICT::Coding region xref gene does not exist
prokka/1284/1284:CDS	hypothetical protein	11:c80228-79794	HPNEBIAD_00090

DiscRep_SUB:FEATURE_LOCATION_CONFLICT::Coding region xref gene does not exist
prokka/1284/1284:CDS	hypothetical protein	11:c80463-80242	HPNEBIAD_00091

DiscRep_SUB:FEATURE_LOCATION_CONFLICT::Coding region xref gene does not exist
prokka/1284/1284:CDS	DNA adenine methyltransferase YhdJ	11:c81147-80464	HPNEBIAD_00092

DiscRep_SUB:FEATURE_LOCATION_CONFLICT::Coding region xref gene does not exist
prokka/1284/1284:CDS	hypothetical protein	11:c82458-81532	HPNEBIAD_00093

DiscRep_SUB:FEATURE_LOCATION_CONFLICT::Coding region xref gene does not exist
prokka/1284/1284:CDS	Protein SopB	11:c84272-83301	HPNEBIAD_00094

DiscRep_SUB:FEATURE_LOCATION_CONFLICT::Coding region xref gene does not exist
prokka/1284/1284:CDS	hypothetical protein	11:c85438-84272	HPNEBIAD_00095

DiscRep_SUB:FEATURE_LOCATION_CONFLICT::Coding region xref gene does not exist
prokka/1284/1284:CDS	Replication initiation protein	11:c86781-86026	HPNEBIAD_00096

DiscRep_SUB:FEATURE_LOCATION_CONFLICT::Coding region xref gene does not exist
prokka/1284/1284:CDS	Tyrosine recombinase XerC	11:c88361-87555	HPNEBIAD_00097

DiscRep_SUB:FEATURE_LOCATION_CONFLICT::Coding region xref gene does not exist
prokka/1284/1284:CDS	Toxin CcdB	11:c88667-88362	HPNEBIAD_00098

DiscRep_SUB:FEATURE_LOCATION_CONFLICT::Coding region xref gene does not exist
prokka/1284/1284:CDS	Antitoxin CcdA	11:c88887-88669	HPNEBIAD_00099

DiscRep_SUB:FEATURE_LOCATION_CONFLICT::Coding region xref gene does not exist
prokka/1284/1284:CDS	hypothetical protein	11:89433-89945	HPNEBIAD_00100

DiscRep_SUB:FEATURE_LOCATION_CONFLICT::Coding region xref gene does not exist
prokka/1284/1284:CDS	hypothetical protein	11:c91100-89979	HPNEBIAD_00101

DiscRep_SUB:FEATURE_LOCATION_CONFLICT::Coding region xref gene does not exist
prokka/1284/1284:CDS	hypothetical protein	11:91192-91617	HPNEBIAD_00102

DiscRep_SUB:FEATURE_LOCATION_CONFLICT::Coding region xref gene does not exist
prokka/1284/1284:CDS	hypothetical protein	11:91614-91964	HPNEBIAD_00103

DiscRep_SUB:FEATURE_LOCATION_CONFLICT::Coding region xref gene does not exist
prokka/1284/1284:CDS	IS66 family transposase ISEc23	11:91995-93608	HPNEBIAD_00104

DiscRep_SUB:FEATURE_LOCATION_CONFLICT::Coding region xref gene does not exist
prokka/1284/1284:CDS	hypothetical protein	11:c94592-93819	HPNEBIAD_00105

DiscRep_SUB:FEATURE_LOCATION_CONFLICT::Coding region xref gene does not exist
prokka/1284/1284:CDS	hypothetical protein	11:c95105-94605	HPNEBIAD_00106

DiscRep_SUB:FEATURE_LOCATION_CONFLICT::Coding region xref gene does not exist
prokka/1284/1284:CDS	hypothetical protein	11:95370-95600	HPNEBIAD_00107

DiscRep_SUB:FEATURE_LOCATION_CONFLICT::Coding region xref gene does not exist
prokka/1284/1284:CDS	tRNA(fMet)-specific endonuclease VapC	11:95597-96013	HPNEBIAD_00108

DiscRep_SUB:FEATURE_LOCATION_CONFLICT::Coding region xref gene does not exist
prokka/1284/1284:CDS	hypothetical protein	11:c98592-96058	HPNEBIAD_00109

DiscRep_SUB:FEATURE_LOCATION_CONFLICT::Coding region xref gene does not exist
prokka/1284/1284:CDS	hypothetical protein	13:c421-152	HPNEBIAD_00110

DiscRep_SUB:FEATURE_LOCATION_CONFLICT::Coding region xref gene does not exist
prokka/1284/1284:CDS	Endonuclease YhcR	13:c1493-999	HPNEBIAD_00111

DiscRep_SUB:FEATURE_LOCATION_CONFLICT::Coding region xref gene does not exist
prokka/1284/1284:CDS	hypothetical protein	13:c1798-1490	HPNEBIAD_00112

DiscRep_SUB:FEATURE_LOCATION_CONFLICT::Coding region xref gene does not exist
prokka/1284/1284:CDS	hypothetical protein	13:c2577-2272	HPNEBIAD_00113

DiscRep_SUB:FEATURE_LOCATION_CONFLICT::Coding region xref gene does not exist
prokka/1284/1284:CDS	hypothetical protein	13:c2980-2561	HPNEBIAD_00114

DiscRep_SUB:FEATURE_LOCATION_CONFLICT::Coding region xref gene does not exist
prokka/1284/1284:CDS	hypothetical protein	13:c4854-2992	HPNEBIAD_00115

DiscRep_SUB:FEATURE_LOCATION_CONFLICT::Coding region xref gene does not exist
prokka/1284/1284:CDS	Type IV secretion system protein VirB11	13:c5869-4841	HPNEBIAD_00116

DiscRep_SUB:FEATURE_LOCATION_CONFLICT::Coding region xref gene does not exist
prokka/1284/1284:CDS	hypothetical protein	13:c6989-5871	HPNEBIAD_00117

DiscRep_SUB:FEATURE_LOCATION_CONFLICT::Coding region xref gene does not exist
prokka/1284/1284:CDS	Type IV secretion system protein virB9	13:c7890-6982	HPNEBIAD_00118

DiscRep_SUB:FEATURE_LOCATION_CONFLICT::Coding region xref gene does not exist
prokka/1284/1284:CDS	Type IV secretion system protein virB8	13:c8573-7887	HPNEBIAD_00119

DiscRep_SUB:FEATURE_LOCATION_CONFLICT::Coding region xref gene does not exist
prokka/1284/1284:CDS	hypothetical protein	13:c9091-8912	HPNEBIAD_00120

DiscRep_SUB:FEATURE_LOCATION_CONFLICT::Coding region xref gene does not exist
prokka/1284/1284:CDS	hypothetical protein	13:c10182-9088	HPNEBIAD_00121

DiscRep_SUB:FEATURE_LOCATION_CONFLICT::Coding region xref gene does not exist
prokka/1284/1284:CDS	hypothetical protein	13:c10910-10194	HPNEBIAD_00122

DiscRep_SUB:FEATURE_LOCATION_CONFLICT::Coding region xref gene does not exist
prokka/1284/1284:CDS	Type IV secretion system protein virB4	13:c13669-10922	HPNEBIAD_00123

DiscRep_SUB:FEATURE_LOCATION_CONFLICT::Coding region xref gene does not exist
prokka/1284/1284:CDS	hypothetical protein	13:c14014-13688	HPNEBIAD_00124

DiscRep_SUB:FEATURE_LOCATION_CONFLICT::Coding region xref gene does not exist
prokka/1284/1284:CDS	hypothetical protein	13:c14648-14028	HPNEBIAD_00125

DiscRep_SUB:FEATURE_LOCATION_CONFLICT::Coding region xref gene does not exist
prokka/1284/1284:CDS	hypothetical protein	13:c14827-14651	HPNEBIAD_00126

DiscRep_SUB:FEATURE_LOCATION_CONFLICT::Coding region xref gene does not exist
prokka/1284/1284:CDS	hypothetical protein	13:c15219-15004	HPNEBIAD_00127

DiscRep_SUB:FEATURE_LOCATION_CONFLICT::Coding region xref gene does not exist
prokka/1284/1284:CDS	hypothetical protein	13:c15509-15216	HPNEBIAD_00128

DiscRep_SUB:FEATURE_LOCATION_CONFLICT::Coding region xref gene does not exist
prokka/1284/1284:CDS	hypothetical protein	13:c16815-15586	HPNEBIAD_00129

DiscRep_SUB:FEATURE_LOCATION_CONFLICT::Coding region xref gene does not exist
prokka/1284/1284:CDS	hypothetical protein	13:c17316-16819	HPNEBIAD_00130

DiscRep_SUB:FEATURE_LOCATION_CONFLICT::Coding region xref gene does not exist
prokka/1284/1284:CDS	hypothetical protein	13:c17583-17326	HPNEBIAD_00131

DiscRep_SUB:FEATURE_LOCATION_CONFLICT::Coding region xref gene does not exist
prokka/1284/1284:CDS	hypothetical protein	13:c17973-17749	HPNEBIAD_00132

DiscRep_SUB:FEATURE_LOCATION_CONFLICT::Coding region xref gene does not exist
prokka/1284/1284:CDS	hypothetical protein	13:c18136-17999	HPNEBIAD_00133

DiscRep_SUB:FEATURE_LOCATION_CONFLICT::Coding region xref gene does not exist
prokka/1284/1284:CDS	hypothetical protein	13:c18562-18197	HPNEBIAD_00134

DiscRep_SUB:FEATURE_LOCATION_CONFLICT::Coding region xref gene does not exist
prokka/1284/1284:CDS	hypothetical protein	13:c18953-18654	HPNEBIAD_00135

DiscRep_SUB:FEATURE_LOCATION_CONFLICT::Coding region xref gene does not exist
prokka/1284/1284:CDS	hypothetical protein	13:c19572-19345	HPNEBIAD_00136

DiscRep_SUB:FEATURE_LOCATION_CONFLICT::Coding region xref gene does not exist
prokka/1284/1284:CDS	hypothetical protein	13:c19810-19559	HPNEBIAD_00137

DiscRep_SUB:FEATURE_LOCATION_CONFLICT::Coding region xref gene does not exist
prokka/1284/1284:CDS	hypothetical protein	13:c20349-19807	HPNEBIAD_00138

DiscRep_SUB:FEATURE_LOCATION_CONFLICT::Coding region xref gene does not exist
prokka/1284/1284:CDS	Chaperone protein DnaJ	13:c20969-20454	HPNEBIAD_00139

DiscRep_SUB:FEATURE_LOCATION_CONFLICT::Coding region xref gene does not exist
prokka/1284/1284:CDS	hypothetical protein	13:c21958-21608	HPNEBIAD_00140

DiscRep_SUB:FEATURE_LOCATION_CONFLICT::Coding region xref gene does not exist
prokka/1284/1284:CDS	hypothetical protein	13:c22290-21955	HPNEBIAD_00141

DiscRep_SUB:FEATURE_LOCATION_CONFLICT::Coding region xref gene does not exist
prokka/1284/1284:CDS	hypothetical protein	13:22558-22821	HPNEBIAD_00142

DiscRep_SUB:FEATURE_LOCATION_CONFLICT::Coding region xref gene does not exist
prokka/1284/1284:CDS	hypothetical protein	13:23834-24841	HPNEBIAD_00143

DiscRep_SUB:FEATURE_LOCATION_CONFLICT::Coding region xref gene does not exist
prokka/1284/1284:CDS	hypothetical protein	13:24907-25311	HPNEBIAD_00144

DiscRep_SUB:FEATURE_LOCATION_CONFLICT::Coding region xref gene does not exist
prokka/1284/1284:CDS	hypothetical protein	13:c25882-25406	HPNEBIAD_00145

DiscRep_SUB:FEATURE_LOCATION_CONFLICT::Coding region xref gene does not exist
prokka/1284/1284:CDS	hypothetical protein	13:26507-26995	HPNEBIAD_00146

DiscRep_SUB:FEATURE_LOCATION_CONFLICT::Coding region xref gene does not exist
prokka/1284/1284:CDS	hypothetical protein	13:26997-27524	HPNEBIAD_00147

DiscRep_SUB:FEATURE_LOCATION_CONFLICT::Coding region xref gene does not exist
prokka/1284/1284:CDS	hypothetical protein	13:c28046-27831	HPNEBIAD_00148

DiscRep_SUB:FEATURE_LOCATION_CONFLICT::Coding region xref gene does not exist
prokka/1284/1284:CDS	hypothetical protein	13:c28347-28096	HPNEBIAD_00149

DiscRep_SUB:FEATURE_LOCATION_CONFLICT::Coding region xref gene does not exist
prokka/1284/1284:CDS	hypothetical protein	13:c28686-28384	HPNEBIAD_00150

DiscRep_SUB:FEATURE_LOCATION_CONFLICT::Coding region xref gene does not exist
prokka/1284/1284:CDS	hypothetical protein	13:c29511-28852	HPNEBIAD_00151

DiscRep_SUB:FEATURE_LOCATION_CONFLICT::Coding region xref gene does not exist
prokka/1284/1284:CDS	Tyrosine recombinase XerC	13:c30440-29616	HPNEBIAD_00152

DiscRep_SUB:FEATURE_LOCATION_CONFLICT::Coding region xref gene does not exist
prokka/1284/1284:CDS	hypothetical protein	13:c31650-30997	HPNEBIAD_00153

DiscRep_SUB:FEATURE_LOCATION_CONFLICT::Coding region xref gene does not exist
prokka/1284/1284:CDS	DNA-binding protein H-NS	13:c32221-31757	HPNEBIAD_00154

DiscRep_SUB:FEATURE_LOCATION_CONFLICT::Coding region xref gene does not exist
prokka/1284/1284:CDS	Modulating protein YmoA	13:c32443-32237	HPNEBIAD_00155

DiscRep_SUB:FEATURE_LOCATION_CONFLICT::Coding region xref gene does not exist
prokka/1284/1284:CDS	DNA topoisomerase 3	13:c34593-32440	HPNEBIAD_00156

DiscRep_SUB:FEATURE_LOCATION_CONFLICT::Coding region xref gene does not exist
prokka/1284/1284:CDS	hypothetical protein	13:c35170-34598	HPNEBIAD_00157

DiscRep_SUB:FEATURE_LOCATION_CONFLICT::Coding region xref gene does not exist
prokka/1284/1284:CDS	hypothetical protein	13:c35455-35174	HPNEBIAD_00158

DiscRep_ALL:SUSPECT_PRODUCT_NAMES::1 product_names contain suspect phrase or characters
DiscRep_SUB:SUSPECT_PRODUCT_NAMES::May contain database identifier more appropriate in note; remove from product name
DiscRep_SUB:SUSPECT_PRODUCT_NAMES::1 features contains three or more numbers together that may be identifiers more appropriate in note
prokka/1284/1284:CDS	Tetracycline repressor protein class A from transposon 1721	11:c54173-53496	HPNEBIAD_00062

DiscRep_ALL:DISC_QUALITY_SCORES::Quality scores are missing on all sequences.

DiscRep_ALL:ONCALLER_COMMENT_PRESENT::2 comment descriptors were found (all same)
prokka/1284/1284:11:Annotated using prokka 1.14.6 from https://github.com/tseemann/prokka
prokka/1284/1284:13:Annotated using prokka 1.14.6 from https://github.com/tseemann/prokka

DiscRep_ALL:SHORT_PROT_SEQUENCES::1 protein sequences are shorter than 50 aa.
prokka/1284/1284:13_24 (length 45)

DiscRep_ALL:MISSING_GENOMEASSEMBLY_COMMENTS::2 bioseqs are missing GenomeAssembly structured comments
prokka/1284/1284:11 (length 98678)
prokka/1284/1284:13 (length 35519)

DiscRep_ALL:MOLTYPE_NOT_MRNA::2 molecule types are not set as mRNA.
prokka/1284/1284:11 (length 98678)
prokka/1284/1284:13 (length 35519)

DiscRep_ALL:TECHNIQUE_NOT_TSA::2 technique are not set as TSA
prokka/1284/1284:11 (length 98678)
prokka/1284/1284:13 (length 35519)

DiscRep_ALL:MISSING_STRUCTURED_COMMENT::2 sequences do not include structured comments.
prokka/1284/1284:11 (length 98678)
prokka/1284/1284:13 (length 35519)

DiscRep_ALL:MISSING_PROJECT::160 sequences do not include project.
prokka/1284/1284:11 (length 98678)
prokka/1284/1284:11_1 (length 76)
prokka/1284/1284:11_2 (length 138)
prokka/1284/1284:11_3 (length 521)
prokka/1284/1284:11_4 (length 340)
prokka/1284/1284:11_5 (length 167)
prokka/1284/1284:11_6 (length 85)
prokka/1284/1284:11_7 (length 60)
prokka/1284/1284:11_8 (length 389)
prokka/1284/1284:11_9 (length 97)
prokka/1284/1284:11_10 (length 91)
prokka/1284/1284:11_11 (length 92)
prokka/1284/1284:11_12 (length 250)
prokka/1284/1284:11_13 (length 321)
prokka/1284/1284:11_14 (length 126)
prokka/1284/1284:11_15 (length 296)
prokka/1284/1284:11_16 (length 64)
prokka/1284/1284:11_17 (length 75)
prokka/1284/1284:11_18 (length 288)
prokka/1284/1284:11_19 (length 295)
prokka/1284/1284:11_20 (length 274)
prokka/1284/1284:11_21 (length 357)
prokka/1284/1284:11_22 (length 436)
prokka/1284/1284:11_23 (length 121)
prokka/1284/1284:11_24 (length 57)
prokka/1284/1284:11_25 (length 148)
prokka/1284/1284:11_26 (length 152)
prokka/1284/1284:11_27 (length 234)
prokka/1284/1284:11_28 (length 184)
prokka/1284/1284:11_29 (length 161)
prokka/1284/1284:11_30 (length 161)
prokka/1284/1284:11_31 (length 231)
prokka/1284/1284:11_32 (length 376)
prokka/1284/1284:11_33 (length 427)
prokka/1284/1284:11_34 (length 459)
prokka/1284/1284:11_35 (length 175)
prokka/1284/1284:11_36 (length 628)
prokka/1284/1284:11_37 (length 253)
prokka/1284/1284:11_38 (length 234)
prokka/1284/1284:11_39 (length 301)
prokka/1284/1284:11_40 (length 412)
prokka/1284/1284:11_41 (length 194)
prokka/1284/1284:11_42 (length 254)
prokka/1284/1284:11_43 (length 101)
prokka/1284/1284:11_44 (length 401)
prokka/1284/1284:11_45 (length 279)
prokka/1284/1284:11_46 (length 115)
prokka/1284/1284:11_47 (length 262)
prokka/1284/1284:11_48 (length 199)
prokka/1284/1284:11_49 (length 337)
prokka/1284/1284:11_50 (length 116)
prokka/1284/1284:11_51 (length 109)
prokka/1284/1284:11_52 (length 234)
prokka/1284/1284:11_53 (length 291)
prokka/1284/1284:11_54 (length 106)
prokka/1284/1284:11_55 (length 671)
prokka/1284/1284:11_56 (length 234)
prokka/1284/1284:11_57 (length 182)
prokka/1284/1284:11_58 (length 291)
prokka/1284/1284:11_59 (length 199)
prokka/1284/1284:11_60 (length 234)
prokka/1284/1284:11_61 (length 509)
prokka/1284/1284:11_62 (length 225)
prokka/1284/1284:11_63 (length 399)
prokka/1284/1284:11_64 (length 294)
prokka/1284/1284:11_65 (length 273)
prokka/1284/1284:11_66 (length 201)
prokka/1284/1284:11_67 (length 965)
prokka/1284/1284:11_68 (length 110)
prokka/1284/1284:11_69 (length 85)
prokka/1284/1284:11_70 (length 217)
prokka/1284/1284:11_71 (length 285)
prokka/1284/1284:11_72 (length 84)
prokka/1284/1284:11_73 (length 196)
prokka/1284/1284:11_74 (length 69)
prokka/1284/1284:11_75 (length 153)
prokka/1284/1284:11_76 (length 71)
prokka/1284/1284:11_77 (length 108)
prokka/1284/1284:11_78 (length 245)
prokka/1284/1284:11_79 (length 243)
prokka/1284/1284:11_80 (length 159)
prokka/1284/1284:11_81 (length 940)
prokka/1284/1284:11_82 (length 343)
prokka/1284/1284:11_83 (length 234)
prokka/1284/1284:11_84 (length 453)
prokka/1284/1284:11_85 (length 76)
prokka/1284/1284:11_86 (length 63)
prokka/1284/1284:11_87 (length 140)
prokka/1284/1284:11_88 (length 141)
prokka/1284/1284:11_89 (length 258)
prokka/1284/1284:11_90 (length 144)
prokka/1284/1284:11_91 (length 73)
prokka/1284/1284:11_92 (length 227)
prokka/1284/1284:11_93 (length 308)
prokka/1284/1284:11_94 (length 323)
prokka/1284/1284:11_95 (length 388)
prokka/1284/1284:11_96 (length 251)
prokka/1284/1284:11_97 (length 268)
prokka/1284/1284:11_98 (length 101)
prokka/1284/1284:11_99 (length 72)
prokka/1284/1284:11_100 (length 170)
prokka/1284/1284:11_101 (length 373)
prokka/1284/1284:11_102 (length 141)
prokka/1284/1284:11_103 (length 116)
prokka/1284/1284:11_104 (length 537)
prokka/1284/1284:11_105 (length 257)
prokka/1284/1284:11_106 (length 166)
prokka/1284/1284:11_107 (length 76)
prokka/1284/1284:11_108 (length 138)
prokka/1284/1284:11_109 (length 844)
prokka/1284/1284:13 (length 35519)
prokka/1284/1284:13_1 (length 89)
prokka/1284/1284:13_2 (length 164)
prokka/1284/1284:13_3 (length 102)
prokka/1284/1284:13_4 (length 101)
prokka/1284/1284:13_5 (length 139)
prokka/1284/1284:13_6 (length 620)
prokka/1284/1284:13_7 (length 342)
prokka/1284/1284:13_8 (length 372)
prokka/1284/1284:13_9 (length 302)
prokka/1284/1284:13_10 (length 228)
prokka/1284/1284:13_11 (length 59)
prokka/1284/1284:13_12 (length 364)
prokka/1284/1284:13_13 (length 238)
prokka/1284/1284:13_14 (length 915)
prokka/1284/1284:13_15 (length 108)
prokka/1284/1284:13_16 (length 206)
prokka/1284/1284:13_17 (length 58)
prokka/1284/1284:13_18 (length 71)
prokka/1284/1284:13_19 (length 97)
prokka/1284/1284:13_20 (length 409)
prokka/1284/1284:13_21 (length 165)
prokka/1284/1284:13_22 (length 85)
prokka/1284/1284:13_23 (length 74)
prokka/1284/1284:13_24 (length 45)
prokka/1284/1284:13_25 (length 121)
prokka/1284/1284:13_26 (length 99)
prokka/1284/1284:13_27 (length 75)
prokka/1284/1284:13_28 (length 83)
prokka/1284/1284:13_29 (length 180)
prokka/1284/1284:13_30 (length 171)
prokka/1284/1284:13_31 (length 116)
prokka/1284/1284:13_32 (length 111)
prokka/1284/1284:13_33 (length 87)
prokka/1284/1284:13_34 (length 335)
prokka/1284/1284:13_35 (length 134)
prokka/1284/1284:13_36 (length 158)
prokka/1284/1284:13_37 (length 162)
prokka/1284/1284:13_38 (length 175)
prokka/1284/1284:13_39 (length 71)
prokka/1284/1284:13_40 (length 83)
prokka/1284/1284:13_41 (length 100)
prokka/1284/1284:13_42 (length 219)
prokka/1284/1284:13_43 (length 274)
prokka/1284/1284:13_44 (length 217)
prokka/1284/1284:13_45 (length 154)
prokka/1284/1284:13_46 (length 68)
prokka/1284/1284:13_47 (length 717)
prokka/1284/1284:13_48 (length 190)
prokka/1284/1284:13_49 (length 93)

DiscRep_ALL:DISC_INCONSISTENT_MOLINFO_TECH::Molinfo Technique Report (some missing, all same)
DiscRep_SUB:DISC_INCONSISTENT_MOLINFO_TECH::technique (all missing)
DiscRep_SUB:DISC_INCONSISTENT_MOLINFO_TECH::2 Molinfos are missing field technique
prokka/1284/1284:11 (length 98678)
prokka/1284/1284:13 (length 35519)

