[11:07:43] This is prokka 1.14.6
[11:07:43] Written by Torsten Seemann <torsten.seemann@gmail.com>
[11:07:43] Homepage is https://github.com/tseemann/prokka
[11:07:43] Local time is Wed Nov 29 11:07:43 2023
[11:07:43] You are c59670jd
[11:07:43] Operating system is linux
[11:07:43] You have BioPerl 1.7.8
[11:07:43] System has 28 cores.
[11:07:43] Will use maximum of 8 cores.
[11:07:43] Annotating as >>> Bacteria <<<
[11:07:43] Generating locus_tag from 'data/pOXA-48.fasta' contents.
[11:07:43] Setting --locustag EBMMMKHN from MD5 eb6664176451381ad4ac6b13894424e0
[11:07:43] Re-using existing --outdir results/prokka_plasmid/pOXA-48
[11:07:43] Using filename prefix: pOXA-48.XXX
[11:07:43] Setting HMMER_NCPU=1
[11:07:43] Writing log to: results/prokka_plasmid/pOXA-48/pOXA-48.log
[11:07:43] Command: /net/scratch2/c59670jd/TF_sprot/.snakemake/conda/4415c5ec042696b77aba69cb78fd342f_/bin/prokka --outdir results/prokka_plasmid/pOXA-48 --prefix pOXA-48 data/pOXA-48.fasta --force
[11:07:43] Appending to PATH: /net/scratch2/c59670jd/TF_sprot/.snakemake/conda/4415c5ec042696b77aba69cb78fd342f_/bin
[11:07:43] Looking for 'aragorn' - found /net/scratch2/c59670jd/TF_sprot/.snakemake/conda/4415c5ec042696b77aba69cb78fd342f_/bin/aragorn
[11:07:43] Determined aragorn version is 001002 from 'ARAGORN v1.2.41 Dean Laslett'
[11:07:43] Looking for 'barrnap' - found /net/scratch2/c59670jd/TF_sprot/.snakemake/conda/4415c5ec042696b77aba69cb78fd342f_/bin/barrnap
[11:07:43] Determined barrnap version is 000009 from 'barrnap 0.9'
[11:07:43] Looking for 'blastp' - found /net/scratch2/c59670jd/TF_sprot/.snakemake/conda/4415c5ec042696b77aba69cb78fd342f_/bin/blastp
[11:07:43] Determined blastp version is 002014 from 'blastp: 2.14.0+'
[11:07:43] Looking for 'cmpress' - found /net/scratch2/c59670jd/TF_sprot/.snakemake/conda/4415c5ec042696b77aba69cb78fd342f_/bin/cmpress
[11:07:43] Determined cmpress version is 001001 from '# INFERNAL 1.1.4 (Dec 2020)'
[11:07:43] Looking for 'cmscan' - found /net/scratch2/c59670jd/TF_sprot/.snakemake/conda/4415c5ec042696b77aba69cb78fd342f_/bin/cmscan
[11:07:43] Determined cmscan version is 001001 from '# INFERNAL 1.1.4 (Dec 2020)'
[11:07:43] Looking for 'egrep' - found /bin/egrep
[11:07:43] Looking for 'find' - found /bin/find
[11:07:43] Looking for 'grep' - found /bin/grep
[11:07:43] Looking for 'hmmpress' - found /net/scratch2/c59670jd/TF_sprot/.snakemake/conda/4415c5ec042696b77aba69cb78fd342f_/bin/hmmpress
[11:07:43] Determined hmmpress version is 003003 from '# HMMER 3.3.2 (Nov 2020); http://hmmer.org/'
[11:07:43] Looking for 'hmmscan' - found /net/scratch2/c59670jd/TF_sprot/.snakemake/conda/4415c5ec042696b77aba69cb78fd342f_/bin/hmmscan
[11:07:43] Determined hmmscan version is 003003 from '# HMMER 3.3.2 (Nov 2020); http://hmmer.org/'
[11:07:43] Looking for 'java' - found /net/scratch2/c59670jd/TF_sprot/.snakemake/conda/4415c5ec042696b77aba69cb78fd342f_/bin/java
[11:07:43] Looking for 'makeblastdb' - found /net/scratch2/c59670jd/TF_sprot/.snakemake/conda/4415c5ec042696b77aba69cb78fd342f_/bin/makeblastdb
[11:07:44] Determined makeblastdb version is 002014 from 'makeblastdb: 2.14.0+'
[11:07:44] Looking for 'minced' - found /net/scratch2/c59670jd/TF_sprot/.snakemake/conda/4415c5ec042696b77aba69cb78fd342f_/bin/minced
[11:07:44] Determined minced version is 004002 from 'minced 0.4.2'
[11:07:44] Looking for 'parallel' - found /net/scratch2/c59670jd/TF_sprot/.snakemake/conda/4415c5ec042696b77aba69cb78fd342f_/bin/parallel
[11:07:44] Determined parallel version is 20230722 from 'GNU parallel 20230722'
[11:07:44] Looking for 'prodigal' - found /net/scratch2/c59670jd/TF_sprot/.snakemake/conda/4415c5ec042696b77aba69cb78fd342f_/bin/prodigal
[11:07:44] Determined prodigal version is 002006 from 'Prodigal V2.6.3: February, 2016'
[11:07:44] Looking for 'prokka-genbank_to_fasta_db' - found /net/scratch2/c59670jd/TF_sprot/.snakemake/conda/4415c5ec042696b77aba69cb78fd342f_/bin/prokka-genbank_to_fasta_db
[11:07:44] Looking for 'sed' - found /bin/sed
[11:07:44] Looking for 'tbl2asn' - found /net/scratch2/c59670jd/TF_sprot/.snakemake/conda/4415c5ec042696b77aba69cb78fd342f_/bin/tbl2asn
[11:07:44] Determined tbl2asn version is 025007 from 'tbl2asn 25.7   arguments:'
[11:07:44] Using genetic code table 11.
[11:07:44] Loading and checking input file: data/pOXA-48.fasta
[11:07:44] Wrote 1 contigs totalling 65499 bp.
[11:07:44] Predicting tRNAs and tmRNAs
[11:07:44] Running: aragorn -l -gc11  -w results\/prokka_plasmid\/pOXA\-48\/pOXA\-48\.fna
[11:07:44] Found 0 tRNAs
[11:07:44] Predicting Ribosomal RNAs
[11:07:44] Running Barrnap with 8 threads
[11:07:45] Found 0 rRNAs
[11:07:45] Skipping ncRNA search, enable with --rfam if desired.
[11:07:45] Total of 0 tRNA + rRNA features
[11:07:45] Searching for CRISPR repeats
[11:07:45] Found 0 CRISPRs
[11:07:45] Predicting coding sequences
[11:07:45] Contigs total 65499 bp, so using meta mode
[11:07:45] Running: prodigal -i results\/prokka_plasmid\/pOXA\-48\/pOXA\-48\.fna -c -m -g 11 -p meta -f sco -q
[11:07:46] Found 87 CDS
[11:07:46] Connecting features back to sequences
[11:07:46] Not using genus-specific database. Try --usegenus to enable it.
[11:07:46] Annotating CDS, please be patient.
[11:07:46] Will use 8 CPUs for similarity searching.
[11:07:46] There are still 87 unannotated CDS left (started with 87)
[11:07:46] Will use blast to search against /net/scratch2/c59670jd/TF_sprot/.snakemake/conda/4415c5ec042696b77aba69cb78fd342f_/db/kingdom/Bacteria/IS with 8 CPUs
[11:07:46] Running: cat results\/prokka_plasmid\/pOXA\-48\/pOXA\-48\.IS\.tmp\.24184\.faa | parallel --gnu --plain -j 8 --block 1214 --recstart '>' --pipe blastp -query - -db /net/scratch2/c59670jd/TF_sprot/.snakemake/conda/4415c5ec042696b77aba69cb78fd342f_/db/kingdom/Bacteria/IS -evalue 1e-30 -qcov_hsp_perc 90 -num_threads 1 -num_descriptions 1 -num_alignments 1 -seg no > results\/prokka_plasmid\/pOXA\-48\/pOXA\-48\.IS\.tmp\.24184\.blast 2> /dev/null
[11:07:47] Deleting unwanted file: results/prokka_plasmid/pOXA-48/pOXA-48.IS.tmp.24184.faa
[11:07:47] Deleting unwanted file: results/prokka_plasmid/pOXA-48/pOXA-48.IS.tmp.24184.blast
[11:07:47] There are still 81 unannotated CDS left (started with 87)
[11:07:47] Will use blast to search against /net/scratch2/c59670jd/TF_sprot/.snakemake/conda/4415c5ec042696b77aba69cb78fd342f_/db/kingdom/Bacteria/AMR with 8 CPUs
[11:07:47] Running: cat results\/prokka_plasmid\/pOXA\-48\/pOXA\-48\.AMR\.tmp\.24184\.faa | parallel --gnu --plain -j 8 --block 1136 --recstart '>' --pipe blastp -query - -db /net/scratch2/c59670jd/TF_sprot/.snakemake/conda/4415c5ec042696b77aba69cb78fd342f_/db/kingdom/Bacteria/AMR -evalue 1e-300 -qcov_hsp_perc 90 -num_threads 1 -num_descriptions 1 -num_alignments 1 -seg no > results\/prokka_plasmid\/pOXA\-48\/pOXA\-48\.AMR\.tmp\.24184\.blast 2> /dev/null
[11:07:48] Deleting unwanted file: results/prokka_plasmid/pOXA-48/pOXA-48.AMR.tmp.24184.faa
[11:07:48] Deleting unwanted file: results/prokka_plasmid/pOXA-48/pOXA-48.AMR.tmp.24184.blast
[11:07:48] There are still 81 unannotated CDS left (started with 87)
[11:07:48] Will use blast to search against /net/scratch2/c59670jd/TF_sprot/.snakemake/conda/4415c5ec042696b77aba69cb78fd342f_/db/kingdom/Bacteria/sprot with 8 CPUs
[11:07:48] Running: cat results\/prokka_plasmid\/pOXA\-48\/pOXA\-48\.sprot\.tmp\.24184\.faa | parallel --gnu --plain -j 8 --block 1136 --recstart '>' --pipe blastp -query - -db /net/scratch2/c59670jd/TF_sprot/.snakemake/conda/4415c5ec042696b77aba69cb78fd342f_/db/kingdom/Bacteria/sprot -evalue 1e-09 -qcov_hsp_perc 80 -num_threads 1 -num_descriptions 1 -num_alignments 1 -seg no > results\/prokka_plasmid\/pOXA\-48\/pOXA\-48\.sprot\.tmp\.24184\.blast 2> /dev/null
[11:07:50] Modify product: UPF0758 protein CT0611 => hypothetical protein
[11:07:50] Cleaned 1 /product names
[11:07:50] Deleting unwanted file: results/prokka_plasmid/pOXA-48/pOXA-48.sprot.tmp.24184.faa
[11:07:50] Deleting unwanted file: results/prokka_plasmid/pOXA-48/pOXA-48.sprot.tmp.24184.blast
[11:07:50] There are still 68 unannotated CDS left (started with 87)
[11:07:50] Will use hmmer3 to search against /net/scratch2/c59670jd/TF_sprot/.snakemake/conda/4415c5ec042696b77aba69cb78fd342f_/db/hmm/HAMAP.hmm with 8 CPUs
[11:07:50] Running: cat results\/prokka_plasmid\/pOXA\-48\/pOXA\-48\.HAMAP\.hmm\.tmp\.24184\.faa | parallel --gnu --plain -j 8 --block 933 --recstart '>' --pipe hmmscan --noali --notextw --acc -E 1e-09 --cpu 1 /net/scratch2/c59670jd/TF_sprot/.snakemake/conda/4415c5ec042696b77aba69cb78fd342f_/db/hmm/HAMAP.hmm /dev/stdin > results\/prokka_plasmid\/pOXA\-48\/pOXA\-48\.HAMAP\.hmm\.tmp\.24184\.hmmer3 2> /dev/null
[11:07:51] Deleting unwanted file: results/prokka_plasmid/pOXA-48/pOXA-48.HAMAP.hmm.tmp.24184.faa
[11:07:51] Deleting unwanted file: results/prokka_plasmid/pOXA-48/pOXA-48.HAMAP.hmm.tmp.24184.hmmer3
[11:07:51] Labelling remaining 66 proteins as 'hypothetical protein'
[11:07:51] Found 13 unique /gene codes.
[11:07:51] Fixed 0 colliding /gene names.
[11:07:51] Adding /locus_tag identifiers
[11:07:51] Assigned 87 locus_tags to CDS and RNA features.
[11:07:51] Writing outputs to results/prokka_plasmid/pOXA-48/
[11:07:51] Generating annotation statistics file
[11:07:51] Generating Genbank and Sequin files
[11:07:51] Running: tbl2asn -V b -a r10k -l paired-ends -M n -N 1 -y 'Annotated using prokka 1.14.6 from https://github.com/tseemann/prokka' -Z results\/prokka_plasmid\/pOXA\-48\/pOXA\-48\.err -i results\/prokka_plasmid\/pOXA\-48\/pOXA\-48\.fsa 2> /dev/null
[11:07:52] Deleting unwanted file: results/prokka_plasmid/pOXA-48/errorsummary.val
[11:07:52] Deleting unwanted file: results/prokka_plasmid/pOXA-48/pOXA-48.dr
[11:07:52] Deleting unwanted file: results/prokka_plasmid/pOXA-48/pOXA-48.fixedproducts
[11:07:52] Deleting unwanted file: results/prokka_plasmid/pOXA-48/pOXA-48.ecn
[11:07:52] Deleting unwanted file: results/prokka_plasmid/pOXA-48/pOXA-48.val
[11:07:52] Repairing broken .GBK output that tbl2asn produces...
[11:07:52] Running: sed 's/COORDINATES: profile/COORDINATES:profile/' < results\/prokka_plasmid\/pOXA\-48\/pOXA\-48\.gbf > results\/prokka_plasmid\/pOXA\-48\/pOXA\-48\.gbk
[11:07:52] Deleting unwanted file: results/prokka_plasmid/pOXA-48/pOXA-48.gbf
[11:07:52] Output files:
[11:07:52] results/prokka_plasmid/pOXA-48/pOXA-48.txt
[11:07:52] results/prokka_plasmid/pOXA-48/pOXA-48.fsa
[11:07:52] results/prokka_plasmid/pOXA-48/pOXA-48.ffn
[11:07:52] results/prokka_plasmid/pOXA-48/pOXA-48.log
[11:07:52] results/prokka_plasmid/pOXA-48/pOXA-48.fna
[11:07:52] results/prokka_plasmid/pOXA-48/pOXA-48.sqn
[11:07:52] results/prokka_plasmid/pOXA-48/pOXA-48.gff
[11:07:52] results/prokka_plasmid/pOXA-48/pOXA-48.tbl
[11:07:52] results/prokka_plasmid/pOXA-48/pOXA-48.err
[11:07:52] results/prokka_plasmid/pOXA-48/pOXA-48.gbk
[11:07:52] results/prokka_plasmid/pOXA-48/pOXA-48.faa
[11:07:52] results/prokka_plasmid/pOXA-48/pOXA-48.tsv
[11:07:52] Annotation finished successfully.
[11:07:52] Walltime used: 0.15 minutes
[11:07:52] If you use this result please cite the Prokka paper:
[11:07:52] Seemann T (2014) Prokka: rapid prokaryotic genome annotation. Bioinformatics. 30(14):2068-9.
[11:07:52] Type 'prokka --citation' for more details.
[11:07:52] Share and enjoy!
