[11:06:13] This is prokka 1.14.6
[11:06:13] Written by Torsten Seemann <torsten.seemann@gmail.com>
[11:06:13] Homepage is https://github.com/tseemann/prokka
[11:06:13] Local time is Wed Nov 29 11:06:12 2023
[11:06:13] You are c59670jd
[11:06:13] Operating system is linux
[11:06:13] You have BioPerl 1.7.8
[11:06:13] System has 28 cores.
[11:06:13] Will use maximum of 8 cores.
[11:06:13] Annotating as >>> Bacteria <<<
[11:06:13] Generating locus_tag from 'data/pLL35.fasta' contents.
[11:06:13] Setting --locustag MOBHGNKF from MD5 68b1074f99c5c4f919ebae906786a811
[11:06:13] Re-using existing --outdir results/prokka_plasmid/pLL35
[11:06:13] Using filename prefix: pLL35.XXX
[11:06:13] Setting HMMER_NCPU=1
[11:06:13] Writing log to: results/prokka_plasmid/pLL35/pLL35.log
[11:06:13] Command: /net/scratch2/c59670jd/TF_sprot/.snakemake/conda/4415c5ec042696b77aba69cb78fd342f_/bin/prokka --outdir results/prokka_plasmid/pLL35 --prefix pLL35 data/pLL35.fasta --force
[11:06:13] Appending to PATH: /net/scratch2/c59670jd/TF_sprot/.snakemake/conda/4415c5ec042696b77aba69cb78fd342f_/bin
[11:06:13] Looking for 'aragorn' - found /net/scratch2/c59670jd/TF_sprot/.snakemake/conda/4415c5ec042696b77aba69cb78fd342f_/bin/aragorn
[11:06:15] Determined aragorn version is 001002 from 'ARAGORN v1.2.41 Dean Laslett'
[11:06:15] Looking for 'barrnap' - found /net/scratch2/c59670jd/TF_sprot/.snakemake/conda/4415c5ec042696b77aba69cb78fd342f_/bin/barrnap
[11:06:15] Determined barrnap version is 000009 from 'barrnap 0.9'
[11:06:15] Looking for 'blastp' - found /net/scratch2/c59670jd/TF_sprot/.snakemake/conda/4415c5ec042696b77aba69cb78fd342f_/bin/blastp
[11:06:45] Determined blastp version is 002014 from 'blastp: 2.14.0+'
[11:06:45] Looking for 'cmpress' - found /net/scratch2/c59670jd/TF_sprot/.snakemake/conda/4415c5ec042696b77aba69cb78fd342f_/bin/cmpress
[11:06:45] Determined cmpress version is 001001 from '# INFERNAL 1.1.4 (Dec 2020)'
[11:06:45] Looking for 'cmscan' - found /net/scratch2/c59670jd/TF_sprot/.snakemake/conda/4415c5ec042696b77aba69cb78fd342f_/bin/cmscan
[11:06:45] Determined cmscan version is 001001 from '# INFERNAL 1.1.4 (Dec 2020)'
[11:06:45] Looking for 'egrep' - found /bin/egrep
[11:06:45] Looking for 'find' - found /bin/find
[11:06:45] Looking for 'grep' - found /bin/grep
[11:06:45] Looking for 'hmmpress' - found /net/scratch2/c59670jd/TF_sprot/.snakemake/conda/4415c5ec042696b77aba69cb78fd342f_/bin/hmmpress
[11:06:45] Determined hmmpress version is 003003 from '# HMMER 3.3.2 (Nov 2020); http://hmmer.org/'
[11:06:45] Looking for 'hmmscan' - found /net/scratch2/c59670jd/TF_sprot/.snakemake/conda/4415c5ec042696b77aba69cb78fd342f_/bin/hmmscan
[11:06:46] Determined hmmscan version is 003003 from '# HMMER 3.3.2 (Nov 2020); http://hmmer.org/'
[11:06:46] Looking for 'java' - found /net/scratch2/c59670jd/TF_sprot/.snakemake/conda/4415c5ec042696b77aba69cb78fd342f_/bin/java
[11:06:46] Looking for 'makeblastdb' - found /net/scratch2/c59670jd/TF_sprot/.snakemake/conda/4415c5ec042696b77aba69cb78fd342f_/bin/makeblastdb
[11:06:46] Determined makeblastdb version is 002014 from 'makeblastdb: 2.14.0+'
[11:06:46] Looking for 'minced' - found /net/scratch2/c59670jd/TF_sprot/.snakemake/conda/4415c5ec042696b77aba69cb78fd342f_/bin/minced
[11:06:49] Determined minced version is 004002 from 'minced 0.4.2'
[11:06:49] Looking for 'parallel' - found /net/scratch2/c59670jd/TF_sprot/.snakemake/conda/4415c5ec042696b77aba69cb78fd342f_/bin/parallel
[11:06:49] Determined parallel version is 20230722 from 'GNU parallel 20230722'
[11:06:49] Looking for 'prodigal' - found /net/scratch2/c59670jd/TF_sprot/.snakemake/conda/4415c5ec042696b77aba69cb78fd342f_/bin/prodigal
[11:06:50] Determined prodigal version is 002006 from 'Prodigal V2.6.3: February, 2016'
[11:06:50] Looking for 'prokka-genbank_to_fasta_db' - found /net/scratch2/c59670jd/TF_sprot/.snakemake/conda/4415c5ec042696b77aba69cb78fd342f_/bin/prokka-genbank_to_fasta_db
[11:06:50] Looking for 'sed' - found /bin/sed
[11:06:50] Looking for 'tbl2asn' - found /net/scratch2/c59670jd/TF_sprot/.snakemake/conda/4415c5ec042696b77aba69cb78fd342f_/bin/tbl2asn
[11:06:51] Determined tbl2asn version is 025007 from 'tbl2asn 25.7   arguments:'
[11:06:51] Using genetic code table 11.
[11:06:51] Loading and checking input file: data/pLL35.fasta
[11:06:51] Wrote 3 contigs totalling 285975 bp.
[11:06:51] Predicting tRNAs and tmRNAs
[11:06:51] Running: aragorn -l -gc11  -w results\/prokka_plasmid\/pLL35\/pLL35\.fna
[11:06:51] Found 0 tRNAs
[11:06:51] Predicting Ribosomal RNAs
[11:06:51] Running Barrnap with 8 threads
[11:06:52] Found 0 rRNAs
[11:06:52] Skipping ncRNA search, enable with --rfam if desired.
[11:06:52] Total of 0 tRNA + rRNA features
[11:06:52] Searching for CRISPR repeats
[11:06:52] Found 0 CRISPRs
[11:06:52] Predicting coding sequences
[11:06:52] Contigs total 285975 bp, so using single mode
[11:06:52] Running: prodigal -i results\/prokka_plasmid\/pLL35\/pLL35\.fna -c -m -g 11 -p single -f sco -q
[11:06:53] Found 332 CDS
[11:06:53] Connecting features back to sequences
[11:06:53] Not using genus-specific database. Try --usegenus to enable it.
[11:06:53] Annotating CDS, please be patient.
[11:06:53] Will use 8 CPUs for similarity searching.
[11:06:53] There are still 332 unannotated CDS left (started with 332)
[11:06:53] Will use blast to search against /net/scratch2/c59670jd/TF_sprot/.snakemake/conda/4415c5ec042696b77aba69cb78fd342f_/db/kingdom/Bacteria/IS with 8 CPUs
[11:06:53] Running: cat results\/prokka_plasmid\/pLL35\/pLL35\.IS\.tmp\.22059\.faa | parallel --gnu --plain -j 8 --block 5017 --recstart '>' --pipe blastp -query - -db /net/scratch2/c59670jd/TF_sprot/.snakemake/conda/4415c5ec042696b77aba69cb78fd342f_/db/kingdom/Bacteria/IS -evalue 1e-30 -qcov_hsp_perc 90 -num_threads 1 -num_descriptions 1 -num_alignments 1 -seg no > results\/prokka_plasmid\/pLL35\/pLL35\.IS\.tmp\.22059\.blast 2> /dev/null
[11:06:55] Deleting unwanted file: results/prokka_plasmid/pLL35/pLL35.IS.tmp.22059.faa
[11:06:55] Deleting unwanted file: results/prokka_plasmid/pLL35/pLL35.IS.tmp.22059.blast
[11:06:55] There are still 302 unannotated CDS left (started with 332)
[11:06:55] Will use blast to search against /net/scratch2/c59670jd/TF_sprot/.snakemake/conda/4415c5ec042696b77aba69cb78fd342f_/db/kingdom/Bacteria/AMR with 8 CPUs
[11:06:55] Running: cat results\/prokka_plasmid\/pLL35\/pLL35\.AMR\.tmp\.22059\.faa | parallel --gnu --plain -j 8 --block 4472 --recstart '>' --pipe blastp -query - -db /net/scratch2/c59670jd/TF_sprot/.snakemake/conda/4415c5ec042696b77aba69cb78fd342f_/db/kingdom/Bacteria/AMR -evalue 1e-300 -qcov_hsp_perc 90 -num_threads 1 -num_descriptions 1 -num_alignments 1 -seg no > results\/prokka_plasmid\/pLL35\/pLL35\.AMR\.tmp\.22059\.blast 2> /dev/null
[11:06:57] Deleting unwanted file: results/prokka_plasmid/pLL35/pLL35.AMR.tmp.22059.faa
[11:06:57] Deleting unwanted file: results/prokka_plasmid/pLL35/pLL35.AMR.tmp.22059.blast
[11:06:57] There are still 302 unannotated CDS left (started with 332)
[11:06:57] Will use blast to search against /net/scratch2/c59670jd/TF_sprot/.snakemake/conda/4415c5ec042696b77aba69cb78fd342f_/db/kingdom/Bacteria/sprot with 8 CPUs
[11:06:57] Running: cat results\/prokka_plasmid\/pLL35\/pLL35\.sprot\.tmp\.22059\.faa | parallel --gnu --plain -j 8 --block 4472 --recstart '>' --pipe blastp -query - -db /net/scratch2/c59670jd/TF_sprot/.snakemake/conda/4415c5ec042696b77aba69cb78fd342f_/db/kingdom/Bacteria/sprot -evalue 1e-09 -qcov_hsp_perc 80 -num_threads 1 -num_descriptions 1 -num_alignments 1 -seg no > results\/prokka_plasmid\/pLL35\/pLL35\.sprot\.tmp\.22059\.blast 2> /dev/null
[11:07:01] Modify product: Probable TonB-dependent receptor NMB1497 => putative TonB-dependent receptor
[11:07:01] Modify product: UPF0401 protein YkfF => hypothetical protein
[11:07:01] Modify product: Uncharacterized protein YncE => putative protein YncE
[11:07:01] Modify product: Uncharacterized protein HI_1427 => putative protein
[11:07:01] Modify product: Pentapeptide repeat protein VPA0095 => Pentapeptide repeat protein
[11:07:01] Modify product: UPF0401 protein YkfF => hypothetical protein
[11:07:01] Cleaned 6 /product names
[11:07:01] Deleting unwanted file: results/prokka_plasmid/pLL35/pLL35.sprot.tmp.22059.faa
[11:07:01] Deleting unwanted file: results/prokka_plasmid/pLL35/pLL35.sprot.tmp.22059.blast
[11:07:01] There are still 207 unannotated CDS left (started with 332)
[11:07:01] Will use hmmer3 to search against /net/scratch2/c59670jd/TF_sprot/.snakemake/conda/4415c5ec042696b77aba69cb78fd342f_/db/hmm/HAMAP.hmm with 8 CPUs
[11:07:01] Running: cat results\/prokka_plasmid\/pLL35\/pLL35\.HAMAP\.hmm\.tmp\.22059\.faa | parallel --gnu --plain -j 8 --block 2694 --recstart '>' --pipe hmmscan --noali --notextw --acc -E 1e-09 --cpu 1 /net/scratch2/c59670jd/TF_sprot/.snakemake/conda/4415c5ec042696b77aba69cb78fd342f_/db/hmm/HAMAP.hmm /dev/stdin > results\/prokka_plasmid\/pLL35\/pLL35\.HAMAP\.hmm\.tmp\.22059\.hmmer3 2> /dev/null
[11:07:04] Deleting unwanted file: results/prokka_plasmid/pLL35/pLL35.HAMAP.hmm.tmp.22059.faa
[11:07:04] Deleting unwanted file: results/prokka_plasmid/pLL35/pLL35.HAMAP.hmm.tmp.22059.hmmer3
[11:07:04] Labelling remaining 200 proteins as 'hypothetical protein'
[11:07:04] Possible /pseudo 'IS3 family transposase IS629' at pLL35_2 position 49264
[11:07:04] Possible /pseudo 'IS3 family transposase IS629' at pLL35_2 position 60271
[11:07:04] Possible /pseudo 'Beta-lactamase OXA-18' at pLL35_3 position 44089
[11:07:04] Found 53 unique /gene codes.
[11:07:04] Fixed 3 duplicate /gene - yhdJ_1 yhdJ_2 yhdJ_3
[11:07:04] Fixed 2 duplicate /gene - ssb_1 ssb_2
[11:07:04] Fixed 2 duplicate /gene - traY_1 traY_2
[11:07:04] Fixed 3 duplicate /gene - traJ_1 traJ_2 traJ_3
[11:07:04] Fixed 3 duplicate /gene - traN_1 traN_2 traN_3
[11:07:04] Fixed 2 duplicate /gene - traR_1 traR_2
[11:07:04] Fixed 3 duplicate /gene - traI_1 traI_2 traI_3
[11:07:04] Fixed 3 duplicate /gene - finO_1 finO_2 finO_3
[11:07:04] Fixed 3 duplicate /gene - xerC_1 xerC_2 xerC_3
[11:07:04] Fixed 2 duplicate /gene - flmC_1 flmC_2
[11:07:04] Fixed 2 duplicate /gene - psiB_1 psiB_2
[11:07:04] Fixed 2 duplicate /gene - hin_1 hin_2
[11:07:04] Fixed 4 duplicate /gene - bla_1 bla_2 bla_3 bla_4
[11:07:04] Fixed 2 duplicate /gene - ccdB_1 ccdB_2
[11:07:04] Fixed 3 duplicate /gene - tnpR_1 tnpR_2 tnpR_3
[11:07:04] Fixed 2 duplicate /gene - resA_1 resA_2
[11:07:04] Fixed 2 duplicate /gene - ccdA_1 ccdA_2
[11:07:04] Fixed 3 duplicate /gene - traC_1 traC_2 traC_3
[11:07:04] Fixed 2 duplicate /gene - parM_1 parM_2
[11:07:04] Fixed 2 duplicate /gene - traM_1 traM_2
[11:07:04] Fixed 3 duplicate /gene - klcA_1 klcA_2 klcA_3
[11:07:04] Fixed 3 duplicate /gene - ylpA_1 ylpA_2 ylpA_3
[11:07:04] Fixed 3 duplicate /gene - traA_1 traA_2 traA_3
[11:07:04] Fixed 3 duplicate /gene - traD_1 traD_2 traD_3
[11:07:04] Fixed 3 duplicate /gene - traQ_1 traQ_2 traQ_3
[11:07:04] Fixed 2 duplicate /gene - noc_1 noc_2
[11:07:04] Fixed 3 duplicate /gene - traV_1 traV_2 traV_3
[11:07:04] Fixed 27 colliding /gene names.
[11:07:04] Adding /locus_tag identifiers
[11:07:04] Assigned 332 locus_tags to CDS and RNA features.
[11:07:04] Writing outputs to results/prokka_plasmid/pLL35/
[11:07:04] Generating annotation statistics file
[11:07:04] Generating Genbank and Sequin files
[11:07:04] Running: tbl2asn -V b -a r10k -l paired-ends -M n -N 1 -y 'Annotated using prokka 1.14.6 from https://github.com/tseemann/prokka' -Z results\/prokka_plasmid\/pLL35\/pLL35\.err -i results\/prokka_plasmid\/pLL35\/pLL35\.fsa 2> /dev/null
[11:07:06] Deleting unwanted file: results/prokka_plasmid/pLL35/errorsummary.val
[11:07:06] Deleting unwanted file: results/prokka_plasmid/pLL35/pLL35.dr
[11:07:06] Deleting unwanted file: results/prokka_plasmid/pLL35/pLL35.fixedproducts
[11:07:06] Deleting unwanted file: results/prokka_plasmid/pLL35/pLL35.ecn
[11:07:06] Deleting unwanted file: results/prokka_plasmid/pLL35/pLL35.val
[11:07:06] Repairing broken .GBK output that tbl2asn produces...
[11:07:06] Running: sed 's/COORDINATES: profile/COORDINATES:profile/' < results\/prokka_plasmid\/pLL35\/pLL35\.gbf > results\/prokka_plasmid\/pLL35\/pLL35\.gbk
[11:07:06] Deleting unwanted file: results/prokka_plasmid/pLL35/pLL35.gbf
[11:07:06] Output files:
[11:07:06] results/prokka_plasmid/pLL35/pLL35.sqn
[11:07:06] results/prokka_plasmid/pLL35/pLL35.tsv
[11:07:06] results/prokka_plasmid/pLL35/pLL35.txt
[11:07:06] results/prokka_plasmid/pLL35/pLL35.err
[11:07:06] results/prokka_plasmid/pLL35/pLL35.fsa
[11:07:06] results/prokka_plasmid/pLL35/pLL35.gff
[11:07:06] results/prokka_plasmid/pLL35/pLL35.tbl
[11:07:06] results/prokka_plasmid/pLL35/pLL35.log
[11:07:06] results/prokka_plasmid/pLL35/pLL35.gbk
[11:07:06] results/prokka_plasmid/pLL35/pLL35.faa
[11:07:06] results/prokka_plasmid/pLL35/pLL35.fna
[11:07:06] results/prokka_plasmid/pLL35/pLL35.ffn
[11:07:06] Annotation finished successfully.
[11:07:06] Walltime used: 0.90 minutes
[11:07:06] If you use this result please cite the Prokka paper:
[11:07:06] Seemann T (2014) Prokka: rapid prokaryotic genome annotation. Bioinformatics. 30(14):2068-9.
[11:07:06] Type 'prokka --citation' for more details.
[11:07:06] Thank you, come again.
